INFO:     Will watch for changes in these directories: ['D:\\01 ACADEMIA\\4th Year\\Y4.S1\\RP-IT4010\\00 - Implementation\\R26-SE-031\\R26-SE-031-V2\\monitoring-service-v2']
INFO:     Uvicorn running on http://0.0.0.0:8011 (Press CTRL+C to quit)
INFO:     Started reloader process [33632] using StatReload
INFO:     Started server process [6640]
INFO:     Waiting for application startup.
INFO:     Application startup complete.
Connected to MongoDB Atlas: dyslexia_platform
INFO:     127.0.0.1:49312 - "OPTIONS /api/v1/telemetry HTTP/1.1" 200 OK
C:\Users\Sasmitha Kavindu\AppData\Roaming\Python\Python314\site-packages\sklearn\utils\validation.py:2691: UserWarning: X does not have valid feature names, but LGBMRegressor was fitted with feature names
  warnings.warn(
C:\Users\Sasmitha Kavindu\AppData\Roaming\Python\Python314\site-packages\sklearn\utils\validation.py:2691: UserWarning: X does not have valid feature names, but LGBMRegressor was fitted with feature names
  warnings.warn(
C:\Users\Sasmitha Kavindu\AppData\Roaming\Python\Python314\site-packages\sklearn\utils\validation.py:2691: UserWarning: X does not have valid feature names, but LGBMRegressor was fitted with feature names
  warnings.warn(
C:\Users\Sasmitha Kavindu\AppData\Roaming\Python\Python314\site-packages\sklearn\utils\validation.py:2691: UserWarning: X does not have valid feature names, but LGBMRegressor was fitted with feature names
  warnings.warn(
C:\Users\Sasmitha Kavindu\AppData\Roaming\Python\Python314\site-packages\sklearn\utils\validation.py:2691: UserWarning: X does not have valid feature names, but LGBMRegressor was fitted with feature names
  warnings.warn(
C:\Users\Sasmitha Kavindu\AppData\Roaming\Python\Python314\site-packages\sklearn\utils\validation.py:2691: UserWarning: X does not have valid feature names, but LGBMRegressor was fitted with feature names
  warnings.warn(
INFO:     127.0.0.1:49329 - "GET /health HTTP/1.1" 200 OK
INFO:     127.0.0.1:49312 - "POST /api/v1/telemetry HTTP/1.1" 200 OK
C:\Users\Sasmitha Kavindu\AppData\Roaming\Python\Python314\site-packages\sklearn\utils\validation.py:2691: UserWarning: X does not have valid feature names, but LGBMRegressor was fitted with feature names
  warnings.warn(
C:\Users\Sasmitha Kavindu\AppData\Roaming\Python\Python314\site-packages\sklearn\utils\validation.py:2691: UserWarning: X does not have valid feature names, but LGBMRegressor was fitted with feature names
  warnings.warn(
C:\Users\Sasmitha Kavindu\AppData\Roaming\Python\Python314\site-packages\sklearn\utils\validation.py:2691: UserWarning: X does not have valid feature names, but LGBMRegressor was fitted with feature names
  warnings.warn(
C:\Users\Sasmitha Kavindu\AppData\Roaming\Python\Python314\site-packages\sklearn\utils\validation.py:2691: UserWarning: X does not have valid feature names, but LGBMRegressor was fitted with feature names
  warnings.warn(
C:\Users\Sasmitha Kavindu\AppData\Roaming\Python\Python314\site-packages\sklearn\utils\validation.py:2691: UserWarning: X does not have valid feature names, but LGBMRegressor was fitted with feature names
  warnings.warn(
C:\Users\Sasmitha Kavindu\AppData\Roaming\Python\Python314\site-packages\sklearn\utils\validation.py:2691: UserWarning: X does not have valid feature names, but LGBMRegressor was fitted with feature names
  warnings.warn(
INFO:     127.0.0.1:65086 - "POST /api/v1/telemetry HTTP/1.1" 200 OK
INFO:     127.0.0.1:65100 - "GET /api/v1/mbsv/test_student HTTP/1.1" 200 OK
C:\Users\Sasmitha Kavindu\AppData\Roaming\Python\Python314\site-packages\sklearn\utils\validation.py:2691: UserWarning: X does not have valid feature names, but LGBMRegressor was fitted with feature names
  warnings.warn(
C:\Users\Sasmitha Kavindu\AppData\Roaming\Python\Python314\site-packages\sklearn\utils\validation.py:2691: UserWarning: X does not have valid feature names, but LGBMRegressor was fitted with feature names
  warnings.warn(
C:\Users\Sasmitha Kavindu\AppData\Roaming\Python\Python314\site-packages\sklearn\utils\validation.py:2691: UserWarning: X does not have valid feature names, but LGBMRegressor was fitted with feature names
  warnings.warn(
C:\Users\Sasmitha Kavindu\AppData\Roaming\Python\Python314\site-packages\sklearn\utils\validation.py:2691: UserWarning: X does not have valid feature names, but LGBMRegressor was fitted with feature names
  warnings.warn(
C:\Users\Sasmitha Kavindu\AppData\Roaming\Python\Python314\site-packages\sklearn\utils\validation.py:2691: UserWarning: X does not have valid feature names, but LGBMRegressor was fitted with feature names
  warnings.warn(
C:\Users\Sasmitha Kavindu\AppData\Roaming\Python\Python314\site-packages\sklearn\utils\validation.py:2691: UserWarning: X does not have valid feature names, but LGBMRegressor was fitted with feature names
  warnings.warn(
INFO:     127.0.0.1:49312 - "POST /api/v1/telemetry HTTP/1.1" 200 OK
C:\Users\Sasmitha Kavindu\AppData\Roaming\Python\Python314\site-packages\sklearn\utils\validation.py:2691: UserWarning: X does not have valid feature names, but LGBMRegressor was fitted with feature names
  warnings.warn(
C:\Users\Sasmitha Kavindu\AppData\Roaming\Python\Python314\site-packages\sklearn\utils\validation.py:2691: UserWarning: X does not have valid feature names, but LGBMRegressor was fitted with feature names
  warnings.warn(
C:\Users\Sasmitha Kavindu\AppData\Roaming\Python\Python314\site-packages\sklearn\utils\validation.py:2691: UserWarning: X does not have valid feature names, but LGBMRegressor was fitted with feature names
  warnings.warn(
C:\Users\Sasmitha Kavindu\AppData\Roaming\Python\Python314\site-packages\sklearn\utils\validation.py:2691: UserWarning: X does not have valid feature names, but LGBMRegressor was fitted with feature names
  warnings.warn(
C:\Users\Sasmitha Kavindu\AppData\Roaming\Python\Python314\site-packages\sklearn\utils\validation.py:2691: UserWarning: X does not have valid feature names, but LGBMRegressor was fitted with feature names
  warnings.warn(
C:\Users\Sasmitha Kavindu\AppData\Roaming\Python\Python314\site-packages\sklearn\utils\validation.py:2691: UserWarning: X does not have valid feature names, but LGBMRegressor was fitted with feature names
  warnings.warn(
INFO:     127.0.0.1:49327 - "POST /api/v1/telemetry HTTP/1.1" 200 OK
INFO:     127.0.0.1:57119 - "GET /health HTTP/1.1" 200 OK
INFO:     127.0.0.1:63674 - "POST /api/v1/telemetry HTTP/1.1" 422 Unprocessable Content
INFO:     127.0.0.1:61052 - "GET /health HTTP/1.1" 200 OK
INFO:     127.0.0.1:60520 - "POST /api/v1/telemetry HTTP/1.1" 422 Unprocessable Content
INFO:     127.0.0.1:60534 - "POST /telemetry HTTP/1.1" 404 Not Found
INFO:     127.0.0.1:50116 - "OPTIONS /api/v1/telemetry HTTP/1.1" 200 OK
C:\Users\Sasmitha Kavindu\AppData\Roaming\Python\Python314\site-packages\sklearn\utils\validation.py:2691: UserWarning: X does not have valid feature names, but LGBMRegressor was fitted with feature names
  warnings.warn(
C:\Users\Sasmitha Kavindu\AppData\Roaming\Python\Python314\site-packages\sklearn\utils\validation.py:2691: UserWarning: X does not have valid feature names, but LGBMRegressor was fitted with feature names
  warnings.warn(
C:\Users\Sasmitha Kavindu\AppData\Roaming\Python\Python314\site-packages\sklearn\utils\validation.py:2691: UserWarning: X does not have valid feature names, but LGBMRegressor was fitted with feature names
  warnings.warn(
C:\Users\Sasmitha Kavindu\AppData\Roaming\Python\Python314\site-packages\sklearn\utils\validation.py:2691: UserWarning: X does not have valid feature names, but LGBMRegressor was fitted with feature names
  warnings.warn(
C:\Users\Sasmitha Kavindu\AppData\Roaming\Python\Python314\site-packages\sklearn\utils\validation.py:2691: UserWarning: X does not have valid feature names, but LGBMRegressor was fitted with feature names
  warnings.warn(
C:\Users\Sasmitha Kavindu\AppData\Roaming\Python\Python314\site-packages\sklearn\utils\validation.py:2691: UserWarning: X does not have valid feature names, but LGBMRegressor was fitted with feature names
  warnings.warn(
INFO:     127.0.0.1:50116 - "POST /api/v1/telemetry HTTP/1.1" 200 OK
C:\Users\Sasmitha Kavindu\AppData\Roaming\Python\Python314\site-packages\sklearn\utils\validation.py:2691: UserWarning: X does not have valid feature names, but LGBMRegressor was fitted with feature names
  warnings.warn(
C:\Users\Sasmitha Kavindu\AppData\Roaming\Python\Python314\site-packages\sklearn\utils\validation.py:2691: UserWarning: X does not have valid feature names, but LGBMRegressor was fitted with feature names
  warnings.warn(
C:\Users\Sasmitha Kavindu\AppData\Roaming\Python\Python314\site-packages\sklearn\utils\validation.py:2691: UserWarning: X does not have valid feature names, but LGBMRegressor was fitted with feature names
  warnings.warn(
C:\Users\Sasmitha Kavindu\AppData\Roaming\Python\Python314\site-packages\sklearn\utils\validation.py:2691: UserWarning: X does not have valid feature names, but LGBMRegressor was fitted with feature names
  warnings.warn(
C:\Users\Sasmitha Kavindu\AppData\Roaming\Python\Python314\site-packages\sklearn\utils\validation.py:2691: UserWarning: X does not have valid feature names, but LGBMRegressor was fitted with feature names
  warnings.warn(
C:\Users\Sasmitha Kavindu\AppData\Roaming\Python\Python314\site-packages\sklearn\utils\validation.py:2691: UserWarning: X does not have valid feature names, but LGBMRegressor was fitted with feature names
  warnings.warn(
C:\Users\Sasmitha Kavindu\AppData\Roaming\Python\Python314\site-packages\sklearn\utils\validation.py:2691: UserWarning: X does not have valid feature names, but LGBMRegressor was fitted with feature names
  warnings.warn(
C:\Users\Sasmitha Kavindu\AppData\Roaming\Python\Python314\site-packages\sklearn\utils\validation.py:2691: UserWarning: X does not have valid feature names, but LGBMRegressor was fitted with feature names
  warnings.warn(
C:\Users\Sasmitha Kavindu\AppData\Roaming\Python\Python314\site-packages\sklearn\utils\validation.py:2691: UserWarning: X does not have valid feature names, but LGBMRegressor was fitted with feature names
  warnings.warn(
C:\Users\Sasmitha Kavindu\AppData\Roaming\Python\Python314\site-packages\sklearn\utils\validation.py:2691: UserWarning: X does not have valid feature names, but LGBMRegressor was fitted with feature names
  warnings.warn(
C:\Users\Sasmitha Kavindu\AppData\Roaming\Python\Python314\site-packages\sklearn\utils\validation.py:2691: UserWarning: X does not have valid feature names, but LGBMRegressor was fitted with feature names
  warnings.warn(
C:\Users\Sasmitha Kavindu\AppData\Roaming\Python\Python314\site-packages\sklearn\utils\validation.py:2691: UserWarning: X does not have valid feature names, but LGBMRegressor was fitted with feature names
  warnings.warn(
INFO:     127.0.0.1:50117 - "POST /api/v1/telemetry HTTP/1.1" 200 OK
INFO:     127.0.0.1:50127 - "POST /api/v1/telemetry HTTP/1.1" 200 OK
C:\Users\Sasmitha Kavindu\AppData\Roaming\Python\Python314\site-packages\sklearn\utils\validation.py:2691: UserWarning: X does not have valid feature names, but LGBMRegressor was fitted with feature names
  warnings.warn(
C:\Users\Sasmitha Kavindu\AppData\Roaming\Python\Python314\site-packages\sklearn\utils\validation.py:2691: UserWarning: X does not have valid feature names, but LGBMRegressor was fitted with feature names
  warnings.warn(
C:\Users\Sasmitha Kavindu\AppData\Roaming\Python\Python314\site-packages\sklearn\utils\validation.py:2691: UserWarning: X does not have valid feature names, but LGBMRegressor was fitted with feature names
  warnings.warn(
C:\Users\Sasmitha Kavindu\AppData\Roaming\Python\Python314\site-packages\sklearn\utils\validation.py:2691: UserWarning: X does not have valid feature names, but LGBMRegressor was fitted with feature names
  warnings.warn(
C:\Users\Sasmitha Kavindu\AppData\Roaming\Python\Python314\site-packages\sklearn\utils\validation.py:2691: UserWarning: X does not have valid feature names, but LGBMRegressor was fitted with feature names
  warnings.warn(
C:\Users\Sasmitha Kavindu\AppData\Roaming\Python\Python314\site-packages\sklearn\utils\validation.py:2691: UserWarning: X does not have valid feature names, but LGBMRegressor was fitted with feature names
  warnings.warn(
INFO:     127.0.0.1:50128 - "POST /api/v1/telemetry HTTP/1.1" 200 OK
C:\Users\Sasmitha Kavindu\AppData\Roaming\Python\Python314\site-packages\sklearn\utils\validation.py:2691: UserWarning: X does not have valid feature names, but LGBMRegressor was fitted with feature names
  warnings.warn(
C:\Users\Sasmitha Kavindu\AppData\Roaming\Python\Python314\site-packages\sklearn\utils\validation.py:2691: UserWarning: X does not have valid feature names, but LGBMRegressor was fitted with feature names
  warnings.warn(
C:\Users\Sasmitha Kavindu\AppData\Roaming\Python\Python314\site-packages\sklearn\utils\validation.py:2691: UserWarning: X does not have valid feature names, but LGBMRegressor was fitted with feature names
  warnings.warn(
C:\Users\Sasmitha Kavindu\AppData\Roaming\Python\Python314\site-packages\sklearn\utils\validation.py:2691: UserWarning: X does not have valid feature names, but LGBMRegressor was fitted with feature names
  warnings.warn(
C:\Users\Sasmitha Kavindu\AppData\Roaming\Python\Python314\site-packages\sklearn\utils\validation.py:2691: UserWarning: X does not have valid feature names, but LGBMRegressor was fitted with feature names
  warnings.warn(
C:\Users\Sasmitha Kavindu\AppData\Roaming\Python\Python314\site-packages\sklearn\utils\validation.py:2691: UserWarning: X does not have valid feature names, but LGBMRegressor was fitted with feature names
  warnings.warn(
C:\Users\Sasmitha Kavindu\AppData\Roaming\Python\Python314\site-packages\sklearn\utils\validation.py:2691: UserWarning: X does not have valid feature names, but LGBMRegressor was fitted with feature names
  warnings.warn(
C:\Users\Sasmitha Kavindu\AppData\Roaming\Python\Python314\site-packages\sklearn\utils\validation.py:2691: UserWarning: X does not have valid feature names, but LGBMRegressor was fitted with feature names
  warnings.warn(
C:\Users\Sasmitha Kavindu\AppData\Roaming\Python\Python314\site-packages\sklearn\utils\validation.py:2691: UserWarning: X does not have valid feature names, but LGBMRegressor was fitted with feature names
  warnings.warn(
C:\Users\Sasmitha Kavindu\AppData\Roaming\Python\Python314\site-packages\sklearn\utils\validation.py:2691: UserWarning: X does not have valid feature names, but LGBMRegressor was fitted with feature names
  warnings.warn(
C:\Users\Sasmitha Kavindu\AppData\Roaming\Python\Python314\site-packages\sklearn\utils\validation.py:2691: UserWarning: X does not have valid feature names, but LGBMRegressor was fitted with feature names
  warnings.warn(
C:\Users\Sasmitha Kavindu\AppData\Roaming\Python\Python314\site-packages\sklearn\utils\validation.py:2691: UserWarning: X does not have valid feature names, but LGBMRegressor was fitted with feature names
  warnings.warn(
INFO:     127.0.0.1:50116 - "POST /api/v1/telemetry HTTP/1.1" 200 OK
C:\Users\Sasmitha Kavindu\AppData\Roaming\Python\Python314\site-packages\sklearn\utils\validation.py:2691: UserWarning: X does not have valid feature names, but LGBMRegressor was fitted with feature names
  warnings.warn(
C:\Users\Sasmitha Kavindu\AppData\Roaming\Python\Python314\site-packages\sklearn\utils\validation.py:2691: UserWarning: X does not have valid feature names, but LGBMRegressor was fitted with feature names
  warnings.warn(
C:\Users\Sasmitha Kavindu\AppData\Roaming\Python\Python314\site-packages\sklearn\utils\validation.py:2691: UserWarning: X does not have valid feature names, but LGBMRegressor was fitted with feature names
  warnings.warn(
C:\Users\Sasmitha Kavindu\AppData\Roaming\Python\Python314\site-packages\sklearn\utils\validation.py:2691: UserWarning: X does not have valid feature names, but LGBMRegressor was fitted with feature names
  warnings.warn(
C:\Users\Sasmitha Kavindu\AppData\Roaming\Python\Python314\site-packages\sklearn\utils\validation.py:2691: UserWarning: X does not have valid feature names, but LGBMRegressor was fitted with feature names
  warnings.warn(
C:\Users\Sasmitha Kavindu\AppData\Roaming\Python\Python314\site-packages\sklearn\utils\validation.py:2691: UserWarning: X does not have valid feature names, but LGBMRegressor was fitted with feature names
  warnings.warn(
INFO:     127.0.0.1:50117 - "POST /api/v1/telemetry HTTP/1.1" 200 OK
INFO:     127.0.0.1:50127 - "POST /api/v1/telemetry HTTP/1.1" 200 OK
C:\Users\Sasmitha Kavindu\AppData\Roaming\Python\Python314\site-packages\sklearn\utils\validation.py:2691: UserWarning: X does not have valid feature names, but LGBMRegressor was fitted with feature names
  warnings.warn(
C:\Users\Sasmitha Kavindu\AppData\Roaming\Python\Python314\site-packages\sklearn\utils\validation.py:2691: UserWarning: X does not have valid feature names, but LGBMRegressor was fitted with feature names
  warnings.warn(
C:\Users\Sasmitha Kavindu\AppData\Roaming\Python\Python314\site-packages\sklearn\utils\validation.py:2691: UserWarning: X does not have valid feature names, but LGBMRegressor was fitted with feature names
  warnings.warn(
C:\Users\Sasmitha Kavindu\AppData\Roaming\Python\Python314\site-packages\sklearn\utils\validation.py:2691: UserWarning: X does not have valid feature names, but LGBMRegressor was fitted with feature names
  warnings.warn(
C:\Users\Sasmitha Kavindu\AppData\Roaming\Python\Python314\site-packages\sklearn\utils\validation.py:2691: UserWarning: X does not have valid feature names, but LGBMRegressor was fitted with feature names
  warnings.warn(
C:\Users\Sasmitha Kavindu\AppData\Roaming\Python\Python314\site-packages\sklearn\utils\validation.py:2691: UserWarning: X does not have valid feature names, but LGBMRegressor was fitted with feature names
  warnings.warn(
C:\Users\Sasmitha Kavindu\AppData\Roaming\Python\Python314\site-packages\sklearn\utils\validation.py:2691: UserWarning: X does not have valid feature names, but LGBMRegressor was fitted with feature names
  warnings.warn(
C:\Users\Sasmitha Kavindu\AppData\Roaming\Python\Python314\site-packages\sklearn\utils\validation.py:2691: UserWarning: X does not have valid feature names, but LGBMRegressor was fitted with feature names
  warnings.warn(
C:\Users\Sasmitha Kavindu\AppData\Roaming\Python\Python314\site-packages\sklearn\utils\validation.py:2691: UserWarning: X does not have valid feature names, but LGBMRegressor was fitted with feature names
  warnings.warn(
C:\Users\Sasmitha Kavindu\AppData\Roaming\Python\Python314\site-packages\sklearn\utils\validation.py:2691: UserWarning: X does not have valid feature names, but LGBMRegressor was fitted with feature names
  warnings.warn(
C:\Users\Sasmitha Kavindu\AppData\Roaming\Python\Python314\site-packages\sklearn\utils\validation.py:2691: UserWarning: X does not have valid feature names, but LGBMRegressor was fitted with feature names
  warnings.warn(
C:\Users\Sasmitha Kavindu\AppData\Roaming\Python\Python314\site-packages\sklearn\utils\validation.py:2691: UserWarning: X does not have valid feature names, but LGBMRegressor was fitted with feature names
  warnings.warn(
INFO:     127.0.0.1:50131 - "POST /api/v1/telemetry HTTP/1.1" 200 OK
INFO:     127.0.0.1:50134 - "POST /api/v1/telemetry HTTP/1.1" 200 OK
C:\Users\Sasmitha Kavindu\AppData\Roaming\Python\Python314\site-packages\sklearn\utils\validation.py:2691: UserWarning: X does not have valid feature names, but LGBMRegressor was fitted with feature names
  warnings.warn(
C:\Users\Sasmitha Kavindu\AppData\Roaming\Python\Python314\site-packages\sklearn\utils\validation.py:2691: UserWarning: X does not have valid feature names, but LGBMRegressor was fitted with feature names
  warnings.warn(
C:\Users\Sasmitha Kavindu\AppData\Roaming\Python\Python314\site-packages\sklearn\utils\validation.py:2691: UserWarning: X does not have valid feature names, but LGBMRegressor was fitted with feature names
  warnings.warn(
C:\Users\Sasmitha Kavindu\AppData\Roaming\Python\Python314\site-packages\sklearn\utils\validation.py:2691: UserWarning: X does not have valid feature names, but LGBMRegressor was fitted with feature names
  warnings.warn(
C:\Users\Sasmitha Kavindu\AppData\Roaming\Python\Python314\site-packages\sklearn\utils\validation.py:2691: UserWarning: X does not have valid feature names, but LGBMRegressor was fitted with feature names
  warnings.warn(
C:\Users\Sasmitha Kavindu\AppData\Roaming\Python\Python314\site-packages\sklearn\utils\validation.py:2691: UserWarning: X does not have valid feature names, but LGBMRegressor was fitted with feature names
  warnings.warn(
INFO:     127.0.0.1:50128 - "POST /api/v1/telemetry HTTP/1.1" 200 OK
C:\Users\Sasmitha Kavindu\AppData\Roaming\Python\Python314\site-packages\sklearn\utils\validation.py:2691: UserWarning: X does not have valid feature names, but LGBMRegressor was fitted with feature names
  warnings.warn(
C:\Users\Sasmitha Kavindu\AppData\Roaming\Python\Python314\site-packages\sklearn\utils\validation.py:2691: UserWarning: X does not have valid feature names, but LGBMRegressor was fitted with feature names
  warnings.warn(
C:\Users\Sasmitha Kavindu\AppData\Roaming\Python\Python314\site-packages\sklearn\utils\validation.py:2691: UserWarning: X does not have valid feature names, but LGBMRegressor was fitted with feature names
  warnings.warn(
C:\Users\Sasmitha Kavindu\AppData\Roaming\Python\Python314\site-packages\sklearn\utils\validation.py:2691: UserWarning: X does not have valid feature names, but LGBMRegressor was fitted with feature names
  warnings.warn(
C:\Users\Sasmitha Kavindu\AppData\Roaming\Python\Python314\site-packages\sklearn\utils\validation.py:2691: UserWarning: X does not have valid feature names, but LGBMRegressor was fitted with feature names
  warnings.warn(
C:\Users\Sasmitha Kavindu\AppData\Roaming\Python\Python314\site-packages\sklearn\utils\validation.py:2691: UserWarning: X does not have valid feature names, but LGBMRegressor was fitted with feature names
  warnings.warn(
INFO:     127.0.0.1:50116 - "POST /api/v1/telemetry HTTP/1.1" 200 OK
C:\Users\Sasmitha Kavindu\AppData\Roaming\Python\Python314\site-packages\sklearn\utils\validation.py:2691: UserWarning: X does not have valid feature names, but LGBMRegressor was fitted with feature names
  warnings.warn(
C:\Users\Sasmitha Kavindu\AppData\Roaming\Python\Python314\site-packages\sklearn\utils\validation.py:2691: UserWarning: X does not have valid feature names, but LGBMRegressor was fitted with feature names
  warnings.warn(
C:\Users\Sasmitha Kavindu\AppData\Roaming\Python\Python314\site-packages\sklearn\utils\validation.py:2691: UserWarning: X does not have valid feature names, but LGBMRegressor was fitted with feature names
  warnings.warn(
C:\Users\Sasmitha Kavindu\AppData\Roaming\Python\Python314\site-packages\sklearn\utils\validation.py:2691: UserWarning: X does not have valid feature names, but LGBMRegressor was fitted with feature names
  warnings.warn(
C:\Users\Sasmitha Kavindu\AppData\Roaming\Python\Python314\site-packages\sklearn\utils\validation.py:2691: UserWarning: X does not have valid feature names, but LGBMRegressor was fitted with feature names
  warnings.warn(
C:\Users\Sasmitha Kavindu\AppData\Roaming\Python\Python314\site-packages\sklearn\utils\validation.py:2691: UserWarning: X does not have valid feature names, but LGBMRegressor was fitted with feature names
  warnings.warn(
INFO:     127.0.0.1:50150 - "POST /api/v1/telemetry HTTP/1.1" 200 OK
C:\Users\Sasmitha Kavindu\AppData\Roaming\Python\Python314\site-packages\sklearn\utils\validation.py:2691: UserWarning: X does not have valid feature names, but LGBMRegressor was fitted with feature names
  warnings.warn(
C:\Users\Sasmitha Kavindu\AppData\Roaming\Python\Python314\site-packages\sklearn\utils\validation.py:2691: UserWarning: X does not have valid feature names, but LGBMRegressor was fitted with feature names
  warnings.warn(
C:\Users\Sasmitha Kavindu\AppData\Roaming\Python\Python314\site-packages\sklearn\utils\validation.py:2691: UserWarning: X does not have valid feature names, but LGBMRegressor was fitted with feature names
  warnings.warn(
C:\Users\Sasmitha Kavindu\AppData\Roaming\Python\Python314\site-packages\sklearn\utils\validation.py:2691: UserWarning: X does not have valid feature names, but LGBMRegressor was fitted with feature names
  warnings.warn(
C:\Users\Sasmitha Kavindu\AppData\Roaming\Python\Python314\site-packages\sklearn\utils\validation.py:2691: UserWarning: X does not have valid feature names, but LGBMRegressor was fitted with feature names
  warnings.warn(
C:\Users\Sasmitha Kavindu\AppData\Roaming\Python\Python314\site-packages\sklearn\utils\validation.py:2691: UserWarning: X does not have valid feature names, but LGBMRegressor was fitted with feature names
  warnings.warn(
INFO:     127.0.0.1:50150 - "POST /api/v1/telemetry HTTP/1.1" 200 OK
C:\Users\Sasmitha Kavindu\AppData\Roaming\Python\Python314\site-packages\sklearn\utils\validation.py:2691: UserWarning: X does not have valid feature names, but LGBMRegressor was fitted with feature names
  warnings.warn(
C:\Users\Sasmitha Kavindu\AppData\Roaming\Python\Python314\site-packages\sklearn\utils\validation.py:2691: UserWarning: X does not have valid feature names, but LGBMRegressor was fitted with feature names
  warnings.warn(
C:\Users\Sasmitha Kavindu\AppData\Roaming\Python\Python314\site-packages\sklearn\utils\validation.py:2691: UserWarning: X does not have valid feature names, but LGBMRegressor was fitted with feature names
  warnings.warn(
C:\Users\Sasmitha Kavindu\AppData\Roaming\Python\Python314\site-packages\sklearn\utils\validation.py:2691: UserWarning: X does not have valid feature names, but LGBMRegressor was fitted with feature names
  warnings.warn(
C:\Users\Sasmitha Kavindu\AppData\Roaming\Python\Python314\site-packages\sklearn\utils\validation.py:2691: UserWarning: X does not have valid feature names, but LGBMRegressor was fitted with feature names
  warnings.warn(
C:\Users\Sasmitha Kavindu\AppData\Roaming\Python\Python314\site-packages\sklearn\utils\validation.py:2691: UserWarning: X does not have valid feature names, but LGBMRegressor was fitted with feature names
  warnings.warn(
INFO:     127.0.0.1:50154 - "POST /api/v1/telemetry HTTP/1.1" 200 OK
C:\Users\Sasmitha Kavindu\AppData\Roaming\Python\Python314\site-packages\sklearn\utils\validation.py:2691: UserWarning: X does not have valid feature names, but LGBMRegressor was fitted with feature names
  warnings.warn(
C:\Users\Sasmitha Kavindu\AppData\Roaming\Python\Python314\site-packages\sklearn\utils\validation.py:2691: UserWarning: X does not have valid feature names, but LGBMRegressor was fitted with feature names
  warnings.warn(
C:\Users\Sasmitha Kavindu\AppData\Roaming\Python\Python314\site-packages\sklearn\utils\validation.py:2691: UserWarning: X does not have valid feature names, but LGBMRegressor was fitted with feature names
  warnings.warn(
C:\Users\Sasmitha Kavindu\AppData\Roaming\Python\Python314\site-packages\sklearn\utils\validation.py:2691: UserWarning: X does not have valid feature names, but LGBMRegressor was fitted with feature names
  warnings.warn(
C:\Users\Sasmitha Kavindu\AppData\Roaming\Python\Python314\site-packages\sklearn\utils\validation.py:2691: UserWarning: X does not have valid feature names, but LGBMRegressor was fitted with feature names
  warnings.warn(
C:\Users\Sasmitha Kavindu\AppData\Roaming\Python\Python314\site-packages\sklearn\utils\validation.py:2691: UserWarning: X does not have valid feature names, but LGBMRegressor was fitted with feature names
  warnings.warn(
INFO:     127.0.0.1:50150 - "POST /api/v1/telemetry HTTP/1.1" 200 OK
C:\Users\Sasmitha Kavindu\AppData\Roaming\Python\Python314\site-packages\sklearn\utils\validation.py:2691: UserWarning: X does not have valid feature names, but LGBMRegressor was fitted with feature names
  warnings.warn(
C:\Users\Sasmitha Kavindu\AppData\Roaming\Python\Python314\site-packages\sklearn\utils\validation.py:2691: UserWarning: X does not have valid feature names, but LGBMRegressor was fitted with feature names
  warnings.warn(
C:\Users\Sasmitha Kavindu\AppData\Roaming\Python\Python314\site-packages\sklearn\utils\validation.py:2691: UserWarning: X does not have valid feature names, but LGBMRegressor was fitted with feature names
  warnings.warn(
C:\Users\Sasmitha Kavindu\AppData\Roaming\Python\Python314\site-packages\sklearn\utils\validation.py:2691: UserWarning: X does not have valid feature names, but LGBMRegressor was fitted with feature names
  warnings.warn(
C:\Users\Sasmitha Kavindu\AppData\Roaming\Python\Python314\site-packages\sklearn\utils\validation.py:2691: UserWarning: X does not have valid feature names, but LGBMRegressor was fitted with feature names
  warnings.warn(
C:\Users\Sasmitha Kavindu\AppData\Roaming\Python\Python314\site-packages\sklearn\utils\validation.py:2691: UserWarning: X does not have valid feature names, but LGBMRegressor was fitted with feature names
  warnings.warn(
INFO:     127.0.0.1:50154 - "POST /api/v1/telemetry HTTP/1.1" 200 OK
C:\Users\Sasmitha Kavindu\AppData\Roaming\Python\Python314\site-packages\sklearn\utils\validation.py:2691: UserWarning: X does not have valid feature names, but LGBMRegressor was fitted with feature names
  warnings.warn(
C:\Users\Sasmitha Kavindu\AppData\Roaming\Python\Python314\site-packages\sklearn\utils\validation.py:2691: UserWarning: X does not have valid feature names, but LGBMRegressor was fitted with feature names
  warnings.warn(
C:\Users\Sasmitha Kavindu\AppData\Roaming\Python\Python314\site-packages\sklearn\utils\validation.py:2691: UserWarning: X does not have valid feature names, but LGBMRegressor was fitted with feature names
  warnings.warn(
C:\Users\Sasmitha Kavindu\AppData\Roaming\Python\Python314\site-packages\sklearn\utils\validation.py:2691: UserWarning: X does not have valid feature names, but LGBMRegressor was fitted with feature names
  warnings.warn(
C:\Users\Sasmitha Kavindu\AppData\Roaming\Python\Python314\site-packages\sklearn\utils\validation.py:2691: UserWarning: X does not have valid feature names, but LGBMRegressor was fitted with feature names
  warnings.warn(
C:\Users\Sasmitha Kavindu\AppData\Roaming\Python\Python314\site-packages\sklearn\utils\validation.py:2691: UserWarning: X does not have valid feature names, but LGBMRegressor was fitted with feature names
  warnings.warn(
INFO:     127.0.0.1:50155 - "POST /api/v1/telemetry HTTP/1.1" 200 OK
C:\Users\Sasmitha Kavindu\AppData\Roaming\Python\Python314\site-packages\sklearn\utils\validation.py:2691: UserWarning: X does not have valid feature names, but LGBMRegressor was fitted with feature names
  warnings.warn(
C:\Users\Sasmitha Kavindu\AppData\Roaming\Python\Python314\site-packages\sklearn\utils\validation.py:2691: UserWarning: X does not have valid feature names, but LGBMRegressor was fitted with feature names
  warnings.warn(
C:\Users\Sasmitha Kavindu\AppData\Roaming\Python\Python314\site-packages\sklearn\utils\validation.py:2691: UserWarning: X does not have valid feature names, but LGBMRegressor was fitted with feature names
  warnings.warn(
C:\Users\Sasmitha Kavindu\AppData\Roaming\Python\Python314\site-packages\sklearn\utils\validation.py:2691: UserWarning: X does not have valid feature names, but LGBMRegressor was fitted with feature names
  warnings.warn(
C:\Users\Sasmitha Kavindu\AppData\Roaming\Python\Python314\site-packages\sklearn\utils\validation.py:2691: UserWarning: X does not have valid feature names, but LGBMRegressor was fitted with feature names
  warnings.warn(
C:\Users\Sasmitha Kavindu\AppData\Roaming\Python\Python314\site-packages\sklearn\utils\validation.py:2691: UserWarning: X does not have valid feature names, but LGBMRegressor was fitted with feature names
  warnings.warn(
INFO:     127.0.0.1:50150 - "POST /api/v1/telemetry HTTP/1.1" 200 OK
C:\Users\Sasmitha Kavindu\AppData\Roaming\Python\Python314\site-packages\sklearn\utils\validation.py:2691: UserWarning: X does not have valid feature names, but LGBMRegressor was fitted with feature names
  warnings.warn(
C:\Users\Sasmitha Kavindu\AppData\Roaming\Python\Python314\site-packages\sklearn\utils\validation.py:2691: UserWarning: X does not have valid feature names, but LGBMRegressor was fitted with feature names
  warnings.warn(
C:\Users\Sasmitha Kavindu\AppData\Roaming\Python\Python314\site-packages\sklearn\utils\validation.py:2691: UserWarning: X does not have valid feature names, but LGBMRegressor was fitted with feature names
  warnings.warn(
C:\Users\Sasmitha Kavindu\AppData\Roaming\Python\Python314\site-packages\sklearn\utils\validation.py:2691: UserWarning: X does not have valid feature names, but LGBMRegressor was fitted with feature names
  warnings.warn(
C:\Users\Sasmitha Kavindu\AppData\Roaming\Python\Python314\site-packages\sklearn\utils\validation.py:2691: UserWarning: X does not have valid feature names, but LGBMRegressor was fitted with feature names
  warnings.warn(
C:\Users\Sasmitha Kavindu\AppData\Roaming\Python\Python314\site-packages\sklearn\utils\validation.py:2691: UserWarning: X does not have valid feature names, but LGBMRegressor was fitted with feature names
  warnings.warn(
INFO:     127.0.0.1:56255 - "POST /api/v1/telemetry HTTP/1.1" 200 OK
INFO:     127.0.0.1:50184 - "OPTIONS /api/v1/telemetry HTTP/1.1" 200 OK
C:\Users\Sasmitha Kavindu\AppData\Roaming\Python\Python314\site-packages\sklearn\utils\validation.py:2691: UserWarning: X does not have valid feature names, but LGBMRegressor was fitted with feature names
  warnings.warn(
C:\Users\Sasmitha Kavindu\AppData\Roaming\Python\Python314\site-packages\sklearn\utils\validation.py:2691: UserWarning: X does not have valid feature names, but LGBMRegressor was fitted with feature names
  warnings.warn(
C:\Users\Sasmitha Kavindu\AppData\Roaming\Python\Python314\site-packages\sklearn\utils\validation.py:2691: UserWarning: X does not have valid feature names, but LGBMRegressor was fitted with feature names
  warnings.warn(
C:\Users\Sasmitha Kavindu\AppData\Roaming\Python\Python314\site-packages\sklearn\utils\validation.py:2691: UserWarning: X does not have valid feature names, but LGBMRegressor was fitted with feature names
  warnings.warn(
C:\Users\Sasmitha Kavindu\AppData\Roaming\Python\Python314\site-packages\sklearn\utils\validation.py:2691: UserWarning: X does not have valid feature names, but LGBMRegressor was fitted with feature names
  warnings.warn(
C:\Users\Sasmitha Kavindu\AppData\Roaming\Python\Python314\site-packages\sklearn\utils\validation.py:2691: UserWarning: X does not have valid feature names, but LGBMRegressor was fitted with feature names
  warnings.warn(
INFO:     127.0.0.1:50184 - "POST /api/v1/telemetry HTTP/1.1" 200 OK
C:\Users\Sasmitha Kavindu\AppData\Roaming\Python\Python314\site-packages\sklearn\utils\validation.py:2691: UserWarning: X does not have valid feature names, but LGBMRegressor was fitted with feature names
  warnings.warn(
C:\Users\Sasmitha Kavindu\AppData\Roaming\Python\Python314\site-packages\sklearn\utils\validation.py:2691: UserWarning: X does not have valid feature names, but LGBMRegressor was fitted with feature names
  warnings.warn(
C:\Users\Sasmitha Kavindu\AppData\Roaming\Python\Python314\site-packages\sklearn\utils\validation.py:2691: UserWarning: X does not have valid feature names, but LGBMRegressor was fitted with feature names
  warnings.warn(
C:\Users\Sasmitha Kavindu\AppData\Roaming\Python\Python314\site-packages\sklearn\utils\validation.py:2691: UserWarning: X does not have valid feature names, but LGBMRegressor was fitted with feature names
  warnings.warn(
C:\Users\Sasmitha Kavindu\AppData\Roaming\Python\Python314\site-packages\sklearn\utils\validation.py:2691: UserWarning: X does not have valid feature names, but LGBMRegressor was fitted with feature names
  warnings.warn(
C:\Users\Sasmitha Kavindu\AppData\Roaming\Python\Python314\site-packages\sklearn\utils\validation.py:2691: UserWarning: X does not have valid feature names, but LGBMRegressor was fitted with feature names
  warnings.warn(
INFO:     127.0.0.1:52024 - "POST /api/v1/telemetry HTTP/1.1" 200 OK
C:\Users\Sasmitha Kavindu\AppData\Roaming\Python\Python314\site-packages\sklearn\utils\validation.py:2691: UserWarning: X does not have valid feature names, but LGBMRegressor was fitted with feature names
  warnings.warn(
C:\Users\Sasmitha Kavindu\AppData\Roaming\Python\Python314\site-packages\sklearn\utils\validation.py:2691: UserWarning: X does not have valid feature names, but LGBMRegressor was fitted with feature names
  warnings.warn(
C:\Users\Sasmitha Kavindu\AppData\Roaming\Python\Python314\site-packages\sklearn\utils\validation.py:2691: UserWarning: X does not have valid feature names, but LGBMRegressor was fitted with feature names
  warnings.warn(
C:\Users\Sasmitha Kavindu\AppData\Roaming\Python\Python314\site-packages\sklearn\utils\validation.py:2691: UserWarning: X does not have valid feature names, but LGBMRegressor was fitted with feature names
  warnings.warn(
C:\Users\Sasmitha Kavindu\AppData\Roaming\Python\Python314\site-packages\sklearn\utils\validation.py:2691: UserWarning: X does not have valid feature names, but LGBMRegressor was fitted with feature names
  warnings.warn(
C:\Users\Sasmitha Kavindu\AppData\Roaming\Python\Python314\site-packages\sklearn\utils\validation.py:2691: UserWarning: X does not have valid feature names, but LGBMRegressor was fitted with feature names
  warnings.warn(
INFO:     127.0.0.1:52028 - "POST /api/v1/telemetry HTTP/1.1" 200 OK
C:\Users\Sasmitha Kavindu\AppData\Roaming\Python\Python314\site-packages\sklearn\utils\validation.py:2691: UserWarning: X does not have valid feature names, but LGBMRegressor was fitted with feature names
  warnings.warn(
C:\Users\Sasmitha Kavindu\AppData\Roaming\Python\Python314\site-packages\sklearn\utils\validation.py:2691: UserWarning: X does not have valid feature names, but LGBMRegressor was fitted with feature names
  warnings.warn(
C:\Users\Sasmitha Kavindu\AppData\Roaming\Python\Python314\site-packages\sklearn\utils\validation.py:2691: UserWarning: X does not have valid feature names, but LGBMRegressor was fitted with feature names
  warnings.warn(
C:\Users\Sasmitha Kavindu\AppData\Roaming\Python\Python314\site-packages\sklearn\utils\validation.py:2691: UserWarning: X does not have valid feature names, but LGBMRegressor was fitted with feature names
  warnings.warn(
C:\Users\Sasmitha Kavindu\AppData\Roaming\Python\Python314\site-packages\sklearn\utils\validation.py:2691: UserWarning: X does not have valid feature names, but LGBMRegressor was fitted with feature names
  warnings.warn(
C:\Users\Sasmitha Kavindu\AppData\Roaming\Python\Python314\site-packages\sklearn\utils\validation.py:2691: UserWarning: X does not have valid feature names, but LGBMRegressor was fitted with feature names
  warnings.warn(
INFO:     127.0.0.1:52064 - "POST /api/v1/telemetry HTTP/1.1" 200 OK
C:\Users\Sasmitha Kavindu\AppData\Roaming\Python\Python314\site-packages\sklearn\utils\validation.py:2691: UserWarning: X does not have valid feature names, but LGBMRegressor was fitted with feature names
  warnings.warn(
C:\Users\Sasmitha Kavindu\AppData\Roaming\Python\Python314\site-packages\sklearn\utils\validation.py:2691: UserWarning: X does not have valid feature names, but LGBMRegressor was fitted with feature names
  warnings.warn(
C:\Users\Sasmitha Kavindu\AppData\Roaming\Python\Python314\site-packages\sklearn\utils\validation.py:2691: UserWarning: X does not have valid feature names, but LGBMRegressor was fitted with feature names
  warnings.warn(
C:\Users\Sasmitha Kavindu\AppData\Roaming\Python\Python314\site-packages\sklearn\utils\validation.py:2691: UserWarning: X does not have valid feature names, but LGBMRegressor was fitted with feature names
  warnings.warn(
C:\Users\Sasmitha Kavindu\AppData\Roaming\Python\Python314\site-packages\sklearn\utils\validation.py:2691: UserWarning: X does not have valid feature names, but LGBMRegressor was fitted with feature names
  warnings.warn(
C:\Users\Sasmitha Kavindu\AppData\Roaming\Python\Python314\site-packages\sklearn\utils\validation.py:2691: UserWarning: X does not have valid feature names, but LGBMRegressor was fitted with feature names
  warnings.warn(
INFO:     127.0.0.1:52068 - "POST /api/v1/telemetry HTTP/1.1" 200 OK
C:\Users\Sasmitha Kavindu\AppData\Roaming\Python\Python314\site-packages\sklearn\utils\validation.py:2691: UserWarning: X does not have valid feature names, but LGBMRegressor was fitted with feature names
  warnings.warn(
C:\Users\Sasmitha Kavindu\AppData\Roaming\Python\Python314\site-packages\sklearn\utils\validation.py:2691: UserWarning: X does not have valid feature names, but LGBMRegressor was fitted with feature names
  warnings.warn(
C:\Users\Sasmitha Kavindu\AppData\Roaming\Python\Python314\site-packages\sklearn\utils\validation.py:2691: UserWarning: X does not have valid feature names, but LGBMRegressor was fitted with feature names
  warnings.warn(
C:\Users\Sasmitha Kavindu\AppData\Roaming\Python\Python314\site-packages\sklearn\utils\validation.py:2691: UserWarning: X does not have valid feature names, but LGBMRegressor was fitted with feature names
  warnings.warn(
C:\Users\Sasmitha Kavindu\AppData\Roaming\Python\Python314\site-packages\sklearn\utils\validation.py:2691: UserWarning: X does not have valid feature names, but LGBMRegressor was fitted with feature names
  warnings.warn(
C:\Users\Sasmitha Kavindu\AppData\Roaming\Python\Python314\site-packages\sklearn\utils\validation.py:2691: UserWarning: X does not have valid feature names, but LGBMRegressor was fitted with feature names
  warnings.warn(
INFO:     127.0.0.1:52069 - "POST /api/v1/telemetry HTTP/1.1" 200 OK
INFO:     127.0.0.1:52998 - "OPTIONS /api/v1/telemetry HTTP/1.1" 200 OK
C:\Users\Sasmitha Kavindu\AppData\Roaming\Python\Python314\site-packages\sklearn\utils\validation.py:2691: UserWarning: X does not have valid feature names, but LGBMRegressor was fitted with feature names
  warnings.warn(
C:\Users\Sasmitha Kavindu\AppData\Roaming\Python\Python314\site-packages\sklearn\utils\validation.py:2691: UserWarning: X does not have valid feature names, but LGBMRegressor was fitted with feature names
  warnings.warn(
C:\Users\Sasmitha Kavindu\AppData\Roaming\Python\Python314\site-packages\sklearn\utils\validation.py:2691: UserWarning: X does not have valid feature names, but LGBMRegressor was fitted with feature names
  warnings.warn(
C:\Users\Sasmitha Kavindu\AppData\Roaming\Python\Python314\site-packages\sklearn\utils\validation.py:2691: UserWarning: X does not have valid feature names, but LGBMRegressor was fitted with feature names
  warnings.warn(
C:\Users\Sasmitha Kavindu\AppData\Roaming\Python\Python314\site-packages\sklearn\utils\validation.py:2691: UserWarning: X does not have valid feature names, but LGBMRegressor was fitted with feature names
  warnings.warn(
C:\Users\Sasmitha Kavindu\AppData\Roaming\Python\Python314\site-packages\sklearn\utils\validation.py:2691: UserWarning: X does not have valid feature names, but LGBMRegressor was fitted with feature names
  warnings.warn(
INFO:     127.0.0.1:52998 - "POST /api/v1/telemetry HTTP/1.1" 200 OK
INFO:     127.0.0.1:65150 - "OPTIONS /api/v1/telemetry HTTP/1.1" 200 OK
C:\Users\Sasmitha Kavindu\AppData\Roaming\Python\Python314\site-packages\sklearn\utils\validation.py:2691: UserWarning: X does not have valid feature names, but LGBMRegressor was fitted with feature names
  warnings.warn(
C:\Users\Sasmitha Kavindu\AppData\Roaming\Python\Python314\site-packages\sklearn\utils\validation.py:2691: UserWarning: X does not have valid feature names, but LGBMRegressor was fitted with feature names
  warnings.warn(
C:\Users\Sasmitha Kavindu\AppData\Roaming\Python\Python314\site-packages\sklearn\utils\validation.py:2691: UserWarning: X does not have valid feature names, but LGBMRegressor was fitted with feature names
  warnings.warn(
C:\Users\Sasmitha Kavindu\AppData\Roaming\Python\Python314\site-packages\sklearn\utils\validation.py:2691: UserWarning: X does not have valid feature names, but LGBMRegressor was fitted with feature names
  warnings.warn(
C:\Users\Sasmitha Kavindu\AppData\Roaming\Python\Python314\site-packages\sklearn\utils\validation.py:2691: UserWarning: X does not have valid feature names, but LGBMRegressor was fitted with feature names
  warnings.warn(
C:\Users\Sasmitha Kavindu\AppData\Roaming\Python\Python314\site-packages\sklearn\utils\validation.py:2691: UserWarning: X does not have valid feature names, but LGBMRegressor was fitted with feature names
  warnings.warn(
INFO:     127.0.0.1:65150 - "POST /api/v1/telemetry HTTP/1.1" 200 OK
C:\Users\Sasmitha Kavindu\AppData\Roaming\Python\Python314\site-packages\sklearn\utils\validation.py:2691: UserWarning: X does not have valid feature names, but LGBMRegressor was fitted with feature names
  warnings.warn(
C:\Users\Sasmitha Kavindu\AppData\Roaming\Python\Python314\site-packages\sklearn\utils\validation.py:2691: UserWarning: X does not have valid feature names, but LGBMRegressor was fitted with feature names
  warnings.warn(
C:\Users\Sasmitha Kavindu\AppData\Roaming\Python\Python314\site-packages\sklearn\utils\validation.py:2691: UserWarning: X does not have valid feature names, but LGBMRegressor was fitted with feature names
  warnings.warn(
C:\Users\Sasmitha Kavindu\AppData\Roaming\Python\Python314\site-packages\sklearn\utils\validation.py:2691: UserWarning: X does not have valid feature names, but LGBMRegressor was fitted with feature names
  warnings.warn(
C:\Users\Sasmitha Kavindu\AppData\Roaming\Python\Python314\site-packages\sklearn\utils\validation.py:2691: UserWarning: X does not have valid feature names, but LGBMRegressor was fitted with feature names
  warnings.warn(
C:\Users\Sasmitha Kavindu\AppData\Roaming\Python\Python314\site-packages\sklearn\utils\validation.py:2691: UserWarning: X does not have valid feature names, but LGBMRegressor was fitted with feature names
  warnings.warn(
C:\Users\Sasmitha Kavindu\AppData\Roaming\Python\Python314\site-packages\sklearn\utils\validation.py:2691: UserWarning: X does not have valid feature names, but LGBMRegressor was fitted with feature names
  warnings.warn(
C:\Users\Sasmitha Kavindu\AppData\Roaming\Python\Python314\site-packages\sklearn\utils\validation.py:2691: UserWarning: X does not have valid feature names, but LGBMRegressor was fitted with feature names
  warnings.warn(
C:\Users\Sasmitha Kavindu\AppData\Roaming\Python\Python314\site-packages\sklearn\utils\validation.py:2691: UserWarning: X does not have valid feature names, but LGBMRegressor was fitted with feature names
  warnings.warn(
C:\Users\Sasmitha Kavindu\AppData\Roaming\Python\Python314\site-packages\sklearn\utils\validation.py:2691: UserWarning: X does not have valid feature names, but LGBMRegressor was fitted with feature names
  warnings.warn(
C:\Users\Sasmitha Kavindu\AppData\Roaming\Python\Python314\site-packages\sklearn\utils\validation.py:2691: UserWarning: X does not have valid feature names, but LGBMRegressor was fitted with feature names
  warnings.warn(
C:\Users\Sasmitha Kavindu\AppData\Roaming\Python\Python314\site-packages\sklearn\utils\validation.py:2691: UserWarning: X does not have valid feature names, but LGBMRegressor was fitted with feature names
  warnings.warn(
INFO:     127.0.0.1:65151 - "POST /api/v1/telemetry HTTP/1.1" 200 OK
INFO:     127.0.0.1:65158 - "POST /api/v1/telemetry HTTP/1.1" 200 OK
C:\Users\Sasmitha Kavindu\AppData\Roaming\Python\Python314\site-packages\sklearn\utils\validation.py:2691: UserWarning: X does not have valid feature names, but LGBMRegressor was fitted with feature names
  warnings.warn(
C:\Users\Sasmitha Kavindu\AppData\Roaming\Python\Python314\site-packages\sklearn\utils\validation.py:2691: UserWarning: X does not have valid feature names, but LGBMRegressor was fitted with feature names
  warnings.warn(
C:\Users\Sasmitha Kavindu\AppData\Roaming\Python\Python314\site-packages\sklearn\utils\validation.py:2691: UserWarning: X does not have valid feature names, but LGBMRegressor was fitted with feature names
  warnings.warn(
C:\Users\Sasmitha Kavindu\AppData\Roaming\Python\Python314\site-packages\sklearn\utils\validation.py:2691: UserWarning: X does not have valid feature names, but LGBMRegressor was fitted with feature names
  warnings.warn(
C:\Users\Sasmitha Kavindu\AppData\Roaming\Python\Python314\site-packages\sklearn\utils\validation.py:2691: UserWarning: X does not have valid feature names, but LGBMRegressor was fitted with feature names
  warnings.warn(
C:\Users\Sasmitha Kavindu\AppData\Roaming\Python\Python314\site-packages\sklearn\utils\validation.py:2691: UserWarning: X does not have valid feature names, but LGBMRegressor was fitted with feature names
  warnings.warn(
C:\Users\Sasmitha Kavindu\AppData\Roaming\Python\Python314\site-packages\sklearn\utils\validation.py:2691: UserWarning: X does not have valid feature names, but LGBMRegressor was fitted with feature names
  warnings.warn(
C:\Users\Sasmitha Kavindu\AppData\Roaming\Python\Python314\site-packages\sklearn\utils\validation.py:2691: UserWarning: X does not have valid feature names, but LGBMRegressor was fitted with feature names
  warnings.warn(
C:\Users\Sasmitha Kavindu\AppData\Roaming\Python\Python314\site-packages\sklearn\utils\validation.py:2691: UserWarning: X does not have valid feature names, but LGBMRegressor was fitted with feature names
  warnings.warn(
C:\Users\Sasmitha Kavindu\AppData\Roaming\Python\Python314\site-packages\sklearn\utils\validation.py:2691: UserWarning: X does not have valid feature names, but LGBMRegressor was fitted with feature names
  warnings.warn(
C:\Users\Sasmitha Kavindu\AppData\Roaming\Python\Python314\site-packages\sklearn\utils\validation.py:2691: UserWarning: X does not have valid feature names, but LGBMRegressor was fitted with feature names
  warnings.warn(
C:\Users\Sasmitha Kavindu\AppData\Roaming\Python\Python314\site-packages\sklearn\utils\validation.py:2691: UserWarning: X does not have valid feature names, but LGBMRegressor was fitted with feature names
  warnings.warn(
INFO:     127.0.0.1:65160 - "POST /api/v1/telemetry HTTP/1.1" 200 OK
INFO:     127.0.0.1:65168 - "POST /api/v1/telemetry HTTP/1.1" 200 OK
C:\Users\Sasmitha Kavindu\AppData\Roaming\Python\Python314\site-packages\sklearn\utils\validation.py:2691: UserWarning: X does not have valid feature names, but LGBMRegressor was fitted with feature names
  warnings.warn(
C:\Users\Sasmitha Kavindu\AppData\Roaming\Python\Python314\site-packages\sklearn\utils\validation.py:2691: UserWarning: X does not have valid feature names, but LGBMRegressor was fitted with feature names
  warnings.warn(
C:\Users\Sasmitha Kavindu\AppData\Roaming\Python\Python314\site-packages\sklearn\utils\validation.py:2691: UserWarning: X does not have valid feature names, but LGBMRegressor was fitted with feature names
  warnings.warn(
C:\Users\Sasmitha Kavindu\AppData\Roaming\Python\Python314\site-packages\sklearn\utils\validation.py:2691: UserWarning: X does not have valid feature names, but LGBMRegressor was fitted with feature names
  warnings.warn(
C:\Users\Sasmitha Kavindu\AppData\Roaming\Python\Python314\site-packages\sklearn\utils\validation.py:2691: UserWarning: X does not have valid feature names, but LGBMRegressor was fitted with feature names
  warnings.warn(
C:\Users\Sasmitha Kavindu\AppData\Roaming\Python\Python314\site-packages\sklearn\utils\validation.py:2691: UserWarning: X does not have valid feature names, but LGBMRegressor was fitted with feature names
  warnings.warn(
INFO:     127.0.0.1:57603 - "POST /api/v1/telemetry HTTP/1.1" 200 OK
