INFO:     Will watch for changes in these directories: ['D:\\01 ACADEMIA\\4th Year\\Y4.S1\\RP-IT4010\\00 - Implementation\\R26-SE-031\\R26-SE-031-V2\\monitoring-service-v2']
INFO:     Uvicorn running on http://0.0.0.0:8011 (Press CTRL+C to quit)
INFO:     Started reloader process [34088] using StatReload
INFO:     Started server process [10652]
INFO:     Waiting for application startup.
INFO:     Application startup complete.
[DB] Connected to MongoDB Atlas: dyslexia_platform
INFO:     127.0.0.1:50273 - "OPTIONS /api/v1/telemetry HTTP/1.1" 200 OK
C:\Users\Sasmitha Kavindu\AppData\Roaming\Python\Python314\site-packages\sklearn\utils\validation.py:2691: UserWarning: X does not have valid feature names, but LGBMRegressor was fitted with feature names
  warnings.warn(
C:\Users\Sasmitha Kavindu\AppData\Roaming\Python\Python314\site-packages\sklearn\utils\validation.py:2691: UserWarning: X does not have valid feature names, but LGBMRegressor was fitted with feature names
  warnings.warn(
C:\Users\Sasmitha Kavindu\AppData\Roaming\Python\Python314\site-packages\sklearn\utils\validation.py:2691: UserWarning: X does not have valid feature names, but LGBMRegressor was fitted with feature names
  warnings.warn(
C:\Users\Sasmitha Kavindu\AppData\Roaming\Python\Python314\site-packages\sklearn\utils\validation.py:2691: UserWarning: X does not have valid feature names, but LGBMRegressor was fitted with feature names
  warnings.warn(
C:\Users\Sasmitha Kavindu\AppData\Roaming\Python\Python314\site-packages\sklearn\utils\validation.py:2691: UserWarning: X does not have valid feature names, but LGBMRegressor was fitted with feature names
  warnings.warn(
C:\Users\Sasmitha Kavindu\AppData\Roaming\Python\Python314\site-packages\sklearn\utils\validation.py:2691: UserWarning: X does not have valid feature names, but LGBMRegressor was fitted with feature names
  warnings.warn(
INFO:     127.0.0.1:50273 - "POST /api/v1/telemetry HTTP/1.1" 200 OK
C:\Users\Sasmitha Kavindu\AppData\Roaming\Python\Python314\site-packages\sklearn\utils\validation.py:2691: UserWarning: X does not have valid feature names, but LGBMRegressor was fitted with feature names
  warnings.warn(
C:\Users\Sasmitha Kavindu\AppData\Roaming\Python\Python314\site-packages\sklearn\utils\validation.py:2691: UserWarning: X does not have valid feature names, but LGBMRegressor was fitted with feature names
  warnings.warn(
C:\Users\Sasmitha Kavindu\AppData\Roaming\Python\Python314\site-packages\sklearn\utils\validation.py:2691: UserWarning: X does not have valid feature names, but LGBMRegressor was fitted with feature names
  warnings.warn(
C:\Users\Sasmitha Kavindu\AppData\Roaming\Python\Python314\site-packages\sklearn\utils\validation.py:2691: UserWarning: X does not have valid feature names, but LGBMRegressor was fitted with feature names
  warnings.warn(
C:\Users\Sasmitha Kavindu\AppData\Roaming\Python\Python314\site-packages\sklearn\utils\validation.py:2691: UserWarning: X does not have valid feature names, but LGBMRegressor was fitted with feature names
  warnings.warn(
C:\Users\Sasmitha Kavindu\AppData\Roaming\Python\Python314\site-packages\sklearn\utils\validation.py:2691: UserWarning: X does not have valid feature names, but LGBMRegressor was fitted with feature names
  warnings.warn(
C:\Users\Sasmitha Kavindu\AppData\Roaming\Python\Python314\site-packages\sklearn\utils\validation.py:2691: UserWarning: X does not have valid feature names, but LGBMRegressor was fitted with feature names
  warnings.warn(
C:\Users\Sasmitha Kavindu\AppData\Roaming\Python\Python314\site-packages\sklearn\utils\validation.py:2691: UserWarning: X does not have valid feature names, but LGBMRegressor was fitted with feature names
  warnings.warn(
C:\Users\Sasmitha Kavindu\AppData\Roaming\Python\Python314\site-packages\sklearn\utils\validation.py:2691: UserWarning: X does not have valid feature names, but LGBMRegressor was fitted with feature names
  warnings.warn(
C:\Users\Sasmitha Kavindu\AppData\Roaming\Python\Python314\site-packages\sklearn\utils\validation.py:2691: UserWarning: X does not have valid feature names, but LGBMRegressor was fitted with feature names
  warnings.warn(
C:\Users\Sasmitha Kavindu\AppData\Roaming\Python\Python314\site-packages\sklearn\utils\validation.py:2691: UserWarning: X does not have valid feature names, but LGBMRegressor was fitted with feature names
  warnings.warn(
C:\Users\Sasmitha Kavindu\AppData\Roaming\Python\Python314\site-packages\sklearn\utils\validation.py:2691: UserWarning: X does not have valid feature names, but LGBMRegressor was fitted with feature names
  warnings.warn(
INFO:     127.0.0.1:50274 - "POST /api/v1/telemetry HTTP/1.1" 200 OK
INFO:     127.0.0.1:50305 - "POST /api/v1/telemetry HTTP/1.1" 200 OK
C:\Users\Sasmitha Kavindu\AppData\Roaming\Python\Python314\site-packages\sklearn\utils\validation.py:2691: UserWarning: X does not have valid feature names, but LGBMRegressor was fitted with feature names
  warnings.warn(
C:\Users\Sasmitha Kavindu\AppData\Roaming\Python\Python314\site-packages\sklearn\utils\validation.py:2691: UserWarning: X does not have valid feature names, but LGBMRegressor was fitted with feature names
  warnings.warn(
C:\Users\Sasmitha Kavindu\AppData\Roaming\Python\Python314\site-packages\sklearn\utils\validation.py:2691: UserWarning: X does not have valid feature names, but LGBMRegressor was fitted with feature names
  warnings.warn(
C:\Users\Sasmitha Kavindu\AppData\Roaming\Python\Python314\site-packages\sklearn\utils\validation.py:2691: UserWarning: X does not have valid feature names, but LGBMRegressor was fitted with feature names
  warnings.warn(
C:\Users\Sasmitha Kavindu\AppData\Roaming\Python\Python314\site-packages\sklearn\utils\validation.py:2691: UserWarning: X does not have valid feature names, but LGBMRegressor was fitted with feature names
  warnings.warn(
C:\Users\Sasmitha Kavindu\AppData\Roaming\Python\Python314\site-packages\sklearn\utils\validation.py:2691: UserWarning: X does not have valid feature names, but LGBMRegressor was fitted with feature names
  warnings.warn(
INFO:     127.0.0.1:60878 - "POST /api/v1/telemetry HTTP/1.1" 200 OK
C:\Users\Sasmitha Kavindu\AppData\Roaming\Python\Python314\site-packages\sklearn\utils\validation.py:2691: UserWarning: X does not have valid feature names, but LGBMRegressor was fitted with feature names
  warnings.warn(
C:\Users\Sasmitha Kavindu\AppData\Roaming\Python\Python314\site-packages\sklearn\utils\validation.py:2691: UserWarning: X does not have valid feature names, but LGBMRegressor was fitted with feature names
  warnings.warn(
C:\Users\Sasmitha Kavindu\AppData\Roaming\Python\Python314\site-packages\sklearn\utils\validation.py:2691: UserWarning: X does not have valid feature names, but LGBMRegressor was fitted with feature names
  warnings.warn(
C:\Users\Sasmitha Kavindu\AppData\Roaming\Python\Python314\site-packages\sklearn\utils\validation.py:2691: UserWarning: X does not have valid feature names, but LGBMRegressor was fitted with feature names
  warnings.warn(
C:\Users\Sasmitha Kavindu\AppData\Roaming\Python\Python314\site-packages\sklearn\utils\validation.py:2691: UserWarning: X does not have valid feature names, but LGBMRegressor was fitted with feature names
  warnings.warn(
C:\Users\Sasmitha Kavindu\AppData\Roaming\Python\Python314\site-packages\sklearn\utils\validation.py:2691: UserWarning: X does not have valid feature names, but LGBMRegressor was fitted with feature names
  warnings.warn(
INFO:     127.0.0.1:60895 - "POST /api/v1/telemetry HTTP/1.1" 200 OK
C:\Users\Sasmitha Kavindu\AppData\Roaming\Python\Python314\site-packages\sklearn\utils\validation.py:2691: UserWarning: X does not have valid feature names, but LGBMRegressor was fitted with feature names
  warnings.warn(
C:\Users\Sasmitha Kavindu\AppData\Roaming\Python\Python314\site-packages\sklearn\utils\validation.py:2691: UserWarning: X does not have valid feature names, but LGBMRegressor was fitted with feature names
  warnings.warn(
C:\Users\Sasmitha Kavindu\AppData\Roaming\Python\Python314\site-packages\sklearn\utils\validation.py:2691: UserWarning: X does not have valid feature names, but LGBMRegressor was fitted with feature names
  warnings.warn(
C:\Users\Sasmitha Kavindu\AppData\Roaming\Python\Python314\site-packages\sklearn\utils\validation.py:2691: UserWarning: X does not have valid feature names, but LGBMRegressor was fitted with feature names
  warnings.warn(
C:\Users\Sasmitha Kavindu\AppData\Roaming\Python\Python314\site-packages\sklearn\utils\validation.py:2691: UserWarning: X does not have valid feature names, but LGBMRegressor was fitted with feature names
  warnings.warn(
C:\Users\Sasmitha Kavindu\AppData\Roaming\Python\Python314\site-packages\sklearn\utils\validation.py:2691: UserWarning: X does not have valid feature names, but LGBMRegressor was fitted with feature names
  warnings.warn(
INFO:     127.0.0.1:60907 - "POST /api/v1/telemetry HTTP/1.1" 200 OK
C:\Users\Sasmitha Kavindu\AppData\Roaming\Python\Python314\site-packages\sklearn\utils\validation.py:2691: UserWarning: X does not have valid feature names, but LGBMRegressor was fitted with feature names
  warnings.warn(
C:\Users\Sasmitha Kavindu\AppData\Roaming\Python\Python314\site-packages\sklearn\utils\validation.py:2691: UserWarning: X does not have valid feature names, but LGBMRegressor was fitted with feature names
  warnings.warn(
C:\Users\Sasmitha Kavindu\AppData\Roaming\Python\Python314\site-packages\sklearn\utils\validation.py:2691: UserWarning: X does not have valid feature names, but LGBMRegressor was fitted with feature names
  warnings.warn(
C:\Users\Sasmitha Kavindu\AppData\Roaming\Python\Python314\site-packages\sklearn\utils\validation.py:2691: UserWarning: X does not have valid feature names, but LGBMRegressor was fitted with feature names
  warnings.warn(
C:\Users\Sasmitha Kavindu\AppData\Roaming\Python\Python314\site-packages\sklearn\utils\validation.py:2691: UserWarning: X does not have valid feature names, but LGBMRegressor was fitted with feature names
  warnings.warn(
C:\Users\Sasmitha Kavindu\AppData\Roaming\Python\Python314\site-packages\sklearn\utils\validation.py:2691: UserWarning: X does not have valid feature names, but LGBMRegressor was fitted with feature names
  warnings.warn(
INFO:     127.0.0.1:60925 - "POST /api/v1/telemetry HTTP/1.1" 200 OK
C:\Users\Sasmitha Kavindu\AppData\Roaming\Python\Python314\site-packages\sklearn\utils\validation.py:2691: UserWarning: X does not have valid feature names, but LGBMRegressor was fitted with feature names
  warnings.warn(
C:\Users\Sasmitha Kavindu\AppData\Roaming\Python\Python314\site-packages\sklearn\utils\validation.py:2691: UserWarning: X does not have valid feature names, but LGBMRegressor was fitted with feature names
  warnings.warn(
C:\Users\Sasmitha Kavindu\AppData\Roaming\Python\Python314\site-packages\sklearn\utils\validation.py:2691: UserWarning: X does not have valid feature names, but LGBMRegressor was fitted with feature names
  warnings.warn(
C:\Users\Sasmitha Kavindu\AppData\Roaming\Python\Python314\site-packages\sklearn\utils\validation.py:2691: UserWarning: X does not have valid feature names, but LGBMRegressor was fitted with feature names
  warnings.warn(
C:\Users\Sasmitha Kavindu\AppData\Roaming\Python\Python314\site-packages\sklearn\utils\validation.py:2691: UserWarning: X does not have valid feature names, but LGBMRegressor was fitted with feature names
  warnings.warn(
C:\Users\Sasmitha Kavindu\AppData\Roaming\Python\Python314\site-packages\sklearn\utils\validation.py:2691: UserWarning: X does not have valid feature names, but LGBMRegressor was fitted with feature names
  warnings.warn(
INFO:     127.0.0.1:60930 - "POST /api/v1/telemetry HTTP/1.1" 200 OK
C:\Users\Sasmitha Kavindu\AppData\Roaming\Python\Python314\site-packages\sklearn\utils\validation.py:2691: UserWarning: X does not have valid feature names, but LGBMRegressor was fitted with feature names
  warnings.warn(
C:\Users\Sasmitha Kavindu\AppData\Roaming\Python\Python314\site-packages\sklearn\utils\validation.py:2691: UserWarning: X does not have valid feature names, but LGBMRegressor was fitted with feature names
  warnings.warn(
C:\Users\Sasmitha Kavindu\AppData\Roaming\Python\Python314\site-packages\sklearn\utils\validation.py:2691: UserWarning: X does not have valid feature names, but LGBMRegressor was fitted with feature names
  warnings.warn(
C:\Users\Sasmitha Kavindu\AppData\Roaming\Python\Python314\site-packages\sklearn\utils\validation.py:2691: UserWarning: X does not have valid feature names, but LGBMRegressor was fitted with feature names
  warnings.warn(
C:\Users\Sasmitha Kavindu\AppData\Roaming\Python\Python314\site-packages\sklearn\utils\validation.py:2691: UserWarning: X does not have valid feature names, but LGBMRegressor was fitted with feature names
  warnings.warn(
C:\Users\Sasmitha Kavindu\AppData\Roaming\Python\Python314\site-packages\sklearn\utils\validation.py:2691: UserWarning: X does not have valid feature names, but LGBMRegressor was fitted with feature names
  warnings.warn(
INFO:     127.0.0.1:59774 - "POST /api/v1/telemetry HTTP/1.1" 200 OK
C:\Users\Sasmitha Kavindu\AppData\Roaming\Python\Python314\site-packages\sklearn\utils\validation.py:2691: UserWarning: X does not have valid feature names, but LGBMRegressor was fitted with feature names
  warnings.warn(
C:\Users\Sasmitha Kavindu\AppData\Roaming\Python\Python314\site-packages\sklearn\utils\validation.py:2691: UserWarning: X does not have valid feature names, but LGBMRegressor was fitted with feature names
  warnings.warn(
C:\Users\Sasmitha Kavindu\AppData\Roaming\Python\Python314\site-packages\sklearn\utils\validation.py:2691: UserWarning: X does not have valid feature names, but LGBMRegressor was fitted with feature names
  warnings.warn(
C:\Users\Sasmitha Kavindu\AppData\Roaming\Python\Python314\site-packages\sklearn\utils\validation.py:2691: UserWarning: X does not have valid feature names, but LGBMRegressor was fitted with feature names
  warnings.warn(
C:\Users\Sasmitha Kavindu\AppData\Roaming\Python\Python314\site-packages\sklearn\utils\validation.py:2691: UserWarning: X does not have valid feature names, but LGBMRegressor was fitted with feature names
  warnings.warn(
C:\Users\Sasmitha Kavindu\AppData\Roaming\Python\Python314\site-packages\sklearn\utils\validation.py:2691: UserWarning: X does not have valid feature names, but LGBMRegressor was fitted with feature names
  warnings.warn(
INFO:     127.0.0.1:59777 - "POST /api/v1/telemetry HTTP/1.1" 200 OK
C:\Users\Sasmitha Kavindu\AppData\Roaming\Python\Python314\site-packages\sklearn\utils\validation.py:2691: UserWarning: X does not have valid feature names, but LGBMRegressor was fitted with feature names
  warnings.warn(
C:\Users\Sasmitha Kavindu\AppData\Roaming\Python\Python314\site-packages\sklearn\utils\validation.py:2691: UserWarning: X does not have valid feature names, but LGBMRegressor was fitted with feature names
  warnings.warn(
C:\Users\Sasmitha Kavindu\AppData\Roaming\Python\Python314\site-packages\sklearn\utils\validation.py:2691: UserWarning: X does not have valid feature names, but LGBMRegressor was fitted with feature names
  warnings.warn(
C:\Users\Sasmitha Kavindu\AppData\Roaming\Python\Python314\site-packages\sklearn\utils\validation.py:2691: UserWarning: X does not have valid feature names, but LGBMRegressor was fitted with feature names
  warnings.warn(
C:\Users\Sasmitha Kavindu\AppData\Roaming\Python\Python314\site-packages\sklearn\utils\validation.py:2691: UserWarning: X does not have valid feature names, but LGBMRegressor was fitted with feature names
  warnings.warn(
C:\Users\Sasmitha Kavindu\AppData\Roaming\Python\Python314\site-packages\sklearn\utils\validation.py:2691: UserWarning: X does not have valid feature names, but LGBMRegressor was fitted with feature names
  warnings.warn(
INFO:     127.0.0.1:59774 - "POST /api/v1/telemetry HTTP/1.1" 200 OK
C:\Users\Sasmitha Kavindu\AppData\Roaming\Python\Python314\site-packages\sklearn\utils\validation.py:2691: UserWarning: X does not have valid feature names, but LGBMRegressor was fitted with feature names
  warnings.warn(
C:\Users\Sasmitha Kavindu\AppData\Roaming\Python\Python314\site-packages\sklearn\utils\validation.py:2691: UserWarning: X does not have valid feature names, but LGBMRegressor was fitted with feature names
  warnings.warn(
C:\Users\Sasmitha Kavindu\AppData\Roaming\Python\Python314\site-packages\sklearn\utils\validation.py:2691: UserWarning: X does not have valid feature names, but LGBMRegressor was fitted with feature names
  warnings.warn(
C:\Users\Sasmitha Kavindu\AppData\Roaming\Python\Python314\site-packages\sklearn\utils\validation.py:2691: UserWarning: X does not have valid feature names, but LGBMRegressor was fitted with feature names
  warnings.warn(
C:\Users\Sasmitha Kavindu\AppData\Roaming\Python\Python314\site-packages\sklearn\utils\validation.py:2691: UserWarning: X does not have valid feature names, but LGBMRegressor was fitted with feature names
  warnings.warn(
C:\Users\Sasmitha Kavindu\AppData\Roaming\Python\Python314\site-packages\sklearn\utils\validation.py:2691: UserWarning: X does not have valid feature names, but LGBMRegressor was fitted with feature names
  warnings.warn(
INFO:     127.0.0.1:59774 - "POST /api/v1/telemetry HTTP/1.1" 200 OK
C:\Users\Sasmitha Kavindu\AppData\Roaming\Python\Python314\site-packages\sklearn\utils\validation.py:2691: UserWarning: X does not have valid feature names, but LGBMRegressor was fitted with feature names
  warnings.warn(
C:\Users\Sasmitha Kavindu\AppData\Roaming\Python\Python314\site-packages\sklearn\utils\validation.py:2691: UserWarning: X does not have valid feature names, but LGBMRegressor was fitted with feature names
  warnings.warn(
C:\Users\Sasmitha Kavindu\AppData\Roaming\Python\Python314\site-packages\sklearn\utils\validation.py:2691: UserWarning: X does not have valid feature names, but LGBMRegressor was fitted with feature names
  warnings.warn(
C:\Users\Sasmitha Kavindu\AppData\Roaming\Python\Python314\site-packages\sklearn\utils\validation.py:2691: UserWarning: X does not have valid feature names, but LGBMRegressor was fitted with feature names
  warnings.warn(
C:\Users\Sasmitha Kavindu\AppData\Roaming\Python\Python314\site-packages\sklearn\utils\validation.py:2691: UserWarning: X does not have valid feature names, but LGBMRegressor was fitted with feature names
  warnings.warn(
C:\Users\Sasmitha Kavindu\AppData\Roaming\Python\Python314\site-packages\sklearn\utils\validation.py:2691: UserWarning: X does not have valid feature names, but LGBMRegressor was fitted with feature names
  warnings.warn(
INFO:     127.0.0.1:59774 - "POST /api/v1/telemetry HTTP/1.1" 200 OK
C:\Users\Sasmitha Kavindu\AppData\Roaming\Python\Python314\site-packages\sklearn\utils\validation.py:2691: UserWarning: X does not have valid feature names, but LGBMRegressor was fitted with feature names
  warnings.warn(
C:\Users\Sasmitha Kavindu\AppData\Roaming\Python\Python314\site-packages\sklearn\utils\validation.py:2691: UserWarning: X does not have valid feature names, but LGBMRegressor was fitted with feature names
  warnings.warn(
C:\Users\Sasmitha Kavindu\AppData\Roaming\Python\Python314\site-packages\sklearn\utils\validation.py:2691: UserWarning: X does not have valid feature names, but LGBMRegressor was fitted with feature names
  warnings.warn(
C:\Users\Sasmitha Kavindu\AppData\Roaming\Python\Python314\site-packages\sklearn\utils\validation.py:2691: UserWarning: X does not have valid feature names, but LGBMRegressor was fitted with feature names
  warnings.warn(
C:\Users\Sasmitha Kavindu\AppData\Roaming\Python\Python314\site-packages\sklearn\utils\validation.py:2691: UserWarning: X does not have valid feature names, but LGBMRegressor was fitted with feature names
  warnings.warn(
C:\Users\Sasmitha Kavindu\AppData\Roaming\Python\Python314\site-packages\sklearn\utils\validation.py:2691: UserWarning: X does not have valid feature names, but LGBMRegressor was fitted with feature names
  warnings.warn(
INFO:     127.0.0.1:59789 - "POST /api/v1/telemetry HTTP/1.1" 200 OK
C:\Users\Sasmitha Kavindu\AppData\Roaming\Python\Python314\site-packages\sklearn\utils\validation.py:2691: UserWarning: X does not have valid feature names, but LGBMRegressor was fitted with feature names
  warnings.warn(
C:\Users\Sasmitha Kavindu\AppData\Roaming\Python\Python314\site-packages\sklearn\utils\validation.py:2691: UserWarning: X does not have valid feature names, but LGBMRegressor was fitted with feature names
  warnings.warn(
C:\Users\Sasmitha Kavindu\AppData\Roaming\Python\Python314\site-packages\sklearn\utils\validation.py:2691: UserWarning: X does not have valid feature names, but LGBMRegressor was fitted with feature names
  warnings.warn(
C:\Users\Sasmitha Kavindu\AppData\Roaming\Python\Python314\site-packages\sklearn\utils\validation.py:2691: UserWarning: X does not have valid feature names, but LGBMRegressor was fitted with feature names
  warnings.warn(
C:\Users\Sasmitha Kavindu\AppData\Roaming\Python\Python314\site-packages\sklearn\utils\validation.py:2691: UserWarning: X does not have valid feature names, but LGBMRegressor was fitted with feature names
  warnings.warn(
C:\Users\Sasmitha Kavindu\AppData\Roaming\Python\Python314\site-packages\sklearn\utils\validation.py:2691: UserWarning: X does not have valid feature names, but LGBMRegressor was fitted with feature names
  warnings.warn(
C:\Users\Sasmitha Kavindu\AppData\Roaming\Python\Python314\site-packages\sklearn\utils\validation.py:2691: UserWarning: X does not have valid feature names, but LGBMRegressor was fitted with feature names
  warnings.warn(
C:\Users\Sasmitha Kavindu\AppData\Roaming\Python\Python314\site-packages\sklearn\utils\validation.py:2691: UserWarning: X does not have valid feature names, but LGBMRegressor was fitted with feature names
  warnings.warn(
C:\Users\Sasmitha Kavindu\AppData\Roaming\Python\Python314\site-packages\sklearn\utils\validation.py:2691: UserWarning: X does not have valid feature names, but LGBMRegressor was fitted with feature names
  warnings.warn(
C:\Users\Sasmitha Kavindu\AppData\Roaming\Python\Python314\site-packages\sklearn\utils\validation.py:2691: UserWarning: X does not have valid feature names, but LGBMRegressor was fitted with feature names
  warnings.warn(
C:\Users\Sasmitha Kavindu\AppData\Roaming\Python\Python314\site-packages\sklearn\utils\validation.py:2691: UserWarning: X does not have valid feature names, but LGBMRegressor was fitted with feature names
  warnings.warn(
C:\Users\Sasmitha Kavindu\AppData\Roaming\Python\Python314\site-packages\sklearn\utils\validation.py:2691: UserWarning: X does not have valid feature names, but LGBMRegressor was fitted with feature names
  warnings.warn(
INFO:     127.0.0.1:59774 - "POST /api/v1/telemetry HTTP/1.1" 200 OK
INFO:     127.0.0.1:59791 - "POST /api/v1/telemetry HTTP/1.1" 200 OK
C:\Users\Sasmitha Kavindu\AppData\Roaming\Python\Python314\site-packages\sklearn\utils\validation.py:2691: UserWarning: X does not have valid feature names, but LGBMRegressor was fitted with feature names
  warnings.warn(
C:\Users\Sasmitha Kavindu\AppData\Roaming\Python\Python314\site-packages\sklearn\utils\validation.py:2691: UserWarning: X does not have valid feature names, but LGBMRegressor was fitted with feature names
  warnings.warn(
C:\Users\Sasmitha Kavindu\AppData\Roaming\Python\Python314\site-packages\sklearn\utils\validation.py:2691: UserWarning: X does not have valid feature names, but LGBMRegressor was fitted with feature names
  warnings.warn(
C:\Users\Sasmitha Kavindu\AppData\Roaming\Python\Python314\site-packages\sklearn\utils\validation.py:2691: UserWarning: X does not have valid feature names, but LGBMRegressor was fitted with feature names
  warnings.warn(
C:\Users\Sasmitha Kavindu\AppData\Roaming\Python\Python314\site-packages\sklearn\utils\validation.py:2691: UserWarning: X does not have valid feature names, but LGBMRegressor was fitted with feature names
  warnings.warn(
C:\Users\Sasmitha Kavindu\AppData\Roaming\Python\Python314\site-packages\sklearn\utils\validation.py:2691: UserWarning: X does not have valid feature names, but LGBMRegressor was fitted with feature names
  warnings.warn(
C:\Users\Sasmitha Kavindu\AppData\Roaming\Python\Python314\site-packages\sklearn\utils\validation.py:2691: UserWarning: X does not have valid feature names, but LGBMRegressor was fitted with feature names
  warnings.warn(
C:\Users\Sasmitha Kavindu\AppData\Roaming\Python\Python314\site-packages\sklearn\utils\validation.py:2691: UserWarning: X does not have valid feature names, but LGBMRegressor was fitted with feature names
  warnings.warn(
C:\Users\Sasmitha Kavindu\AppData\Roaming\Python\Python314\site-packages\sklearn\utils\validation.py:2691: UserWarning: X does not have valid feature names, but LGBMRegressor was fitted with feature names
  warnings.warn(
C:\Users\Sasmitha Kavindu\AppData\Roaming\Python\Python314\site-packages\sklearn\utils\validation.py:2691: UserWarning: X does not have valid feature names, but LGBMRegressor was fitted with feature names
  warnings.warn(
C:\Users\Sasmitha Kavindu\AppData\Roaming\Python\Python314\site-packages\sklearn\utils\validation.py:2691: UserWarning: X does not have valid feature names, but LGBMRegressor was fitted with feature names
  warnings.warn(
C:\Users\Sasmitha Kavindu\AppData\Roaming\Python\Python314\site-packages\sklearn\utils\validation.py:2691: UserWarning: X does not have valid feature names, but LGBMRegressor was fitted with feature names
  warnings.warn(
INFO:     127.0.0.1:59793 - "POST /api/v1/telemetry HTTP/1.1" 200 OK
INFO:     127.0.0.1:59791 - "POST /api/v1/telemetry HTTP/1.1" 200 OK
INFO:     127.0.0.1:50450 - "OPTIONS /api/v1/telemetry HTTP/1.1" 200 OK
C:\Users\Sasmitha Kavindu\AppData\Roaming\Python\Python314\site-packages\sklearn\utils\validation.py:2691: UserWarning: X does not have valid feature names, but LGBMRegressor was fitted with feature names
  warnings.warn(
C:\Users\Sasmitha Kavindu\AppData\Roaming\Python\Python314\site-packages\sklearn\utils\validation.py:2691: UserWarning: X does not have valid feature names, but LGBMRegressor was fitted with feature names
  warnings.warn(
C:\Users\Sasmitha Kavindu\AppData\Roaming\Python\Python314\site-packages\sklearn\utils\validation.py:2691: UserWarning: X does not have valid feature names, but LGBMRegressor was fitted with feature names
  warnings.warn(
C:\Users\Sasmitha Kavindu\AppData\Roaming\Python\Python314\site-packages\sklearn\utils\validation.py:2691: UserWarning: X does not have valid feature names, but LGBMRegressor was fitted with feature names
  warnings.warn(
C:\Users\Sasmitha Kavindu\AppData\Roaming\Python\Python314\site-packages\sklearn\utils\validation.py:2691: UserWarning: X does not have valid feature names, but LGBMRegressor was fitted with feature names
  warnings.warn(
C:\Users\Sasmitha Kavindu\AppData\Roaming\Python\Python314\site-packages\sklearn\utils\validation.py:2691: UserWarning: X does not have valid feature names, but LGBMRegressor was fitted with feature names
  warnings.warn(
INFO:     127.0.0.1:50450 - "POST /api/v1/telemetry HTTP/1.1" 200 OK
C:\Users\Sasmitha Kavindu\AppData\Roaming\Python\Python314\site-packages\sklearn\utils\validation.py:2691: UserWarning: X does not have valid feature names, but LGBMRegressor was fitted with feature names
  warnings.warn(
C:\Users\Sasmitha Kavindu\AppData\Roaming\Python\Python314\site-packages\sklearn\utils\validation.py:2691: UserWarning: X does not have valid feature names, but LGBMRegressor was fitted with feature names
  warnings.warn(
C:\Users\Sasmitha Kavindu\AppData\Roaming\Python\Python314\site-packages\sklearn\utils\validation.py:2691: UserWarning: X does not have valid feature names, but LGBMRegressor was fitted with feature names
  warnings.warn(
C:\Users\Sasmitha Kavindu\AppData\Roaming\Python\Python314\site-packages\sklearn\utils\validation.py:2691: UserWarning: X does not have valid feature names, but LGBMRegressor was fitted with feature names
  warnings.warn(
C:\Users\Sasmitha Kavindu\AppData\Roaming\Python\Python314\site-packages\sklearn\utils\validation.py:2691: UserWarning: X does not have valid feature names, but LGBMRegressor was fitted with feature names
  warnings.warn(
C:\Users\Sasmitha Kavindu\AppData\Roaming\Python\Python314\site-packages\sklearn\utils\validation.py:2691: UserWarning: X does not have valid feature names, but LGBMRegressor was fitted with feature names
  warnings.warn(
INFO:     127.0.0.1:50451 - "POST /api/v1/telemetry HTTP/1.1" 200 OK
C:\Users\Sasmitha Kavindu\AppData\Roaming\Python\Python314\site-packages\sklearn\utils\validation.py:2691: UserWarning: X does not have valid feature names, but LGBMRegressor was fitted with feature names
  warnings.warn(
C:\Users\Sasmitha Kavindu\AppData\Roaming\Python\Python314\site-packages\sklearn\utils\validation.py:2691: UserWarning: X does not have valid feature names, but LGBMRegressor was fitted with feature names
  warnings.warn(
C:\Users\Sasmitha Kavindu\AppData\Roaming\Python\Python314\site-packages\sklearn\utils\validation.py:2691: UserWarning: X does not have valid feature names, but LGBMRegressor was fitted with feature names
  warnings.warn(
C:\Users\Sasmitha Kavindu\AppData\Roaming\Python\Python314\site-packages\sklearn\utils\validation.py:2691: UserWarning: X does not have valid feature names, but LGBMRegressor was fitted with feature names
  warnings.warn(
C:\Users\Sasmitha Kavindu\AppData\Roaming\Python\Python314\site-packages\sklearn\utils\validation.py:2691: UserWarning: X does not have valid feature names, but LGBMRegressor was fitted with feature names
  warnings.warn(
C:\Users\Sasmitha Kavindu\AppData\Roaming\Python\Python314\site-packages\sklearn\utils\validation.py:2691: UserWarning: X does not have valid feature names, but LGBMRegressor was fitted with feature names
  warnings.warn(
INFO:     127.0.0.1:50451 - "POST /api/v1/telemetry HTTP/1.1" 200 OK
C:\Users\Sasmitha Kavindu\AppData\Roaming\Python\Python314\site-packages\sklearn\utils\validation.py:2691: UserWarning: X does not have valid feature names, but LGBMRegressor was fitted with feature names
  warnings.warn(
C:\Users\Sasmitha Kavindu\AppData\Roaming\Python\Python314\site-packages\sklearn\utils\validation.py:2691: UserWarning: X does not have valid feature names, but LGBMRegressor was fitted with feature names
  warnings.warn(
C:\Users\Sasmitha Kavindu\AppData\Roaming\Python\Python314\site-packages\sklearn\utils\validation.py:2691: UserWarning: X does not have valid feature names, but LGBMRegressor was fitted with feature names
  warnings.warn(
C:\Users\Sasmitha Kavindu\AppData\Roaming\Python\Python314\site-packages\sklearn\utils\validation.py:2691: UserWarning: X does not have valid feature names, but LGBMRegressor was fitted with feature names
  warnings.warn(
C:\Users\Sasmitha Kavindu\AppData\Roaming\Python\Python314\site-packages\sklearn\utils\validation.py:2691: UserWarning: X does not have valid feature names, but LGBMRegressor was fitted with feature names
  warnings.warn(
C:\Users\Sasmitha Kavindu\AppData\Roaming\Python\Python314\site-packages\sklearn\utils\validation.py:2691: UserWarning: X does not have valid feature names, but LGBMRegressor was fitted with feature names
  warnings.warn(
INFO:     127.0.0.1:50474 - "POST /api/v1/telemetry HTTP/1.1" 200 OK
C:\Users\Sasmitha Kavindu\AppData\Roaming\Python\Python314\site-packages\sklearn\utils\validation.py:2691: UserWarning: X does not have valid feature names, but LGBMRegressor was fitted with feature names
  warnings.warn(
C:\Users\Sasmitha Kavindu\AppData\Roaming\Python\Python314\site-packages\sklearn\utils\validation.py:2691: UserWarning: X does not have valid feature names, but LGBMRegressor was fitted with feature names
  warnings.warn(
C:\Users\Sasmitha Kavindu\AppData\Roaming\Python\Python314\site-packages\sklearn\utils\validation.py:2691: UserWarning: X does not have valid feature names, but LGBMRegressor was fitted with feature names
  warnings.warn(
C:\Users\Sasmitha Kavindu\AppData\Roaming\Python\Python314\site-packages\sklearn\utils\validation.py:2691: UserWarning: X does not have valid feature names, but LGBMRegressor was fitted with feature names
  warnings.warn(
C:\Users\Sasmitha Kavindu\AppData\Roaming\Python\Python314\site-packages\sklearn\utils\validation.py:2691: UserWarning: X does not have valid feature names, but LGBMRegressor was fitted with feature names
  warnings.warn(
C:\Users\Sasmitha Kavindu\AppData\Roaming\Python\Python314\site-packages\sklearn\utils\validation.py:2691: UserWarning: X does not have valid feature names, but LGBMRegressor was fitted with feature names
  warnings.warn(
INFO:     127.0.0.1:50474 - "POST /api/v1/telemetry HTTP/1.1" 200 OK
C:\Users\Sasmitha Kavindu\AppData\Roaming\Python\Python314\site-packages\sklearn\utils\validation.py:2691: UserWarning: X does not have valid feature names, but LGBMRegressor was fitted with feature names
  warnings.warn(
C:\Users\Sasmitha Kavindu\AppData\Roaming\Python\Python314\site-packages\sklearn\utils\validation.py:2691: UserWarning: X does not have valid feature names, but LGBMRegressor was fitted with feature names
  warnings.warn(
C:\Users\Sasmitha Kavindu\AppData\Roaming\Python\Python314\site-packages\sklearn\utils\validation.py:2691: UserWarning: X does not have valid feature names, but LGBMRegressor was fitted with feature names
  warnings.warn(
C:\Users\Sasmitha Kavindu\AppData\Roaming\Python\Python314\site-packages\sklearn\utils\validation.py:2691: UserWarning: X does not have valid feature names, but LGBMRegressor was fitted with feature names
  warnings.warn(
C:\Users\Sasmitha Kavindu\AppData\Roaming\Python\Python314\site-packages\sklearn\utils\validation.py:2691: UserWarning: X does not have valid feature names, but LGBMRegressor was fitted with feature names
  warnings.warn(
C:\Users\Sasmitha Kavindu\AppData\Roaming\Python\Python314\site-packages\sklearn\utils\validation.py:2691: UserWarning: X does not have valid feature names, but LGBMRegressor was fitted with feature names
  warnings.warn(
INFO:     127.0.0.1:50489 - "POST /api/v1/telemetry HTTP/1.1" 200 OK
INFO:     127.0.0.1:60994 - "OPTIONS /api/v1/telemetry HTTP/1.1" 200 OK
C:\Users\Sasmitha Kavindu\AppData\Roaming\Python\Python314\site-packages\sklearn\utils\validation.py:2691: UserWarning: X does not have valid feature names, but LGBMRegressor was fitted with feature names
  warnings.warn(
C:\Users\Sasmitha Kavindu\AppData\Roaming\Python\Python314\site-packages\sklearn\utils\validation.py:2691: UserWarning: X does not have valid feature names, but LGBMRegressor was fitted with feature names
  warnings.warn(
C:\Users\Sasmitha Kavindu\AppData\Roaming\Python\Python314\site-packages\sklearn\utils\validation.py:2691: UserWarning: X does not have valid feature names, but LGBMRegressor was fitted with feature names
  warnings.warn(
C:\Users\Sasmitha Kavindu\AppData\Roaming\Python\Python314\site-packages\sklearn\utils\validation.py:2691: UserWarning: X does not have valid feature names, but LGBMRegressor was fitted with feature names
  warnings.warn(
C:\Users\Sasmitha Kavindu\AppData\Roaming\Python\Python314\site-packages\sklearn\utils\validation.py:2691: UserWarning: X does not have valid feature names, but LGBMRegressor was fitted with feature names
  warnings.warn(
C:\Users\Sasmitha Kavindu\AppData\Roaming\Python\Python314\site-packages\sklearn\utils\validation.py:2691: UserWarning: X does not have valid feature names, but LGBMRegressor was fitted with feature names
  warnings.warn(
INFO:     127.0.0.1:60994 - "POST /api/v1/telemetry HTTP/1.1" 200 OK
C:\Users\Sasmitha Kavindu\AppData\Roaming\Python\Python314\site-packages\sklearn\utils\validation.py:2691: UserWarning: X does not have valid feature names, but LGBMRegressor was fitted with feature names
  warnings.warn(
C:\Users\Sasmitha Kavindu\AppData\Roaming\Python\Python314\site-packages\sklearn\utils\validation.py:2691: UserWarning: X does not have valid feature names, but LGBMRegressor was fitted with feature names
  warnings.warn(
C:\Users\Sasmitha Kavindu\AppData\Roaming\Python\Python314\site-packages\sklearn\utils\validation.py:2691: UserWarning: X does not have valid feature names, but LGBMRegressor was fitted with feature names
  warnings.warn(
C:\Users\Sasmitha Kavindu\AppData\Roaming\Python\Python314\site-packages\sklearn\utils\validation.py:2691: UserWarning: X does not have valid feature names, but LGBMRegressor was fitted with feature names
  warnings.warn(
C:\Users\Sasmitha Kavindu\AppData\Roaming\Python\Python314\site-packages\sklearn\utils\validation.py:2691: UserWarning: X does not have valid feature names, but LGBMRegressor was fitted with feature names
  warnings.warn(
C:\Users\Sasmitha Kavindu\AppData\Roaming\Python\Python314\site-packages\sklearn\utils\validation.py:2691: UserWarning: X does not have valid feature names, but LGBMRegressor was fitted with feature names
  warnings.warn(
INFO:     127.0.0.1:61023 - "POST /api/v1/telemetry HTTP/1.1" 200 OK
C:\Users\Sasmitha Kavindu\AppData\Roaming\Python\Python314\site-packages\sklearn\utils\validation.py:2691: UserWarning: X does not have valid feature names, but LGBMRegressor was fitted with feature names
  warnings.warn(
C:\Users\Sasmitha Kavindu\AppData\Roaming\Python\Python314\site-packages\sklearn\utils\validation.py:2691: UserWarning: X does not have valid feature names, but LGBMRegressor was fitted with feature names
  warnings.warn(
C:\Users\Sasmitha Kavindu\AppData\Roaming\Python\Python314\site-packages\sklearn\utils\validation.py:2691: UserWarning: X does not have valid feature names, but LGBMRegressor was fitted with feature names
  warnings.warn(
C:\Users\Sasmitha Kavindu\AppData\Roaming\Python\Python314\site-packages\sklearn\utils\validation.py:2691: UserWarning: X does not have valid feature names, but LGBMRegressor was fitted with feature names
  warnings.warn(
C:\Users\Sasmitha Kavindu\AppData\Roaming\Python\Python314\site-packages\sklearn\utils\validation.py:2691: UserWarning: X does not have valid feature names, but LGBMRegressor was fitted with feature names
  warnings.warn(
C:\Users\Sasmitha Kavindu\AppData\Roaming\Python\Python314\site-packages\sklearn\utils\validation.py:2691: UserWarning: X does not have valid feature names, but LGBMRegressor was fitted with feature names
  warnings.warn(
INFO:     127.0.0.1:61025 - "POST /api/v1/telemetry HTTP/1.1" 200 OK
C:\Users\Sasmitha Kavindu\AppData\Roaming\Python\Python314\site-packages\sklearn\utils\validation.py:2691: UserWarning: X does not have valid feature names, but LGBMRegressor was fitted with feature names
  warnings.warn(
C:\Users\Sasmitha Kavindu\AppData\Roaming\Python\Python314\site-packages\sklearn\utils\validation.py:2691: UserWarning: X does not have valid feature names, but LGBMRegressor was fitted with feature names
  warnings.warn(
C:\Users\Sasmitha Kavindu\AppData\Roaming\Python\Python314\site-packages\sklearn\utils\validation.py:2691: UserWarning: X does not have valid feature names, but LGBMRegressor was fitted with feature names
  warnings.warn(
C:\Users\Sasmitha Kavindu\AppData\Roaming\Python\Python314\site-packages\sklearn\utils\validation.py:2691: UserWarning: X does not have valid feature names, but LGBMRegressor was fitted with feature names
  warnings.warn(
C:\Users\Sasmitha Kavindu\AppData\Roaming\Python\Python314\site-packages\sklearn\utils\validation.py:2691: UserWarning: X does not have valid feature names, but LGBMRegressor was fitted with feature names
  warnings.warn(
C:\Users\Sasmitha Kavindu\AppData\Roaming\Python\Python314\site-packages\sklearn\utils\validation.py:2691: UserWarning: X does not have valid feature names, but LGBMRegressor was fitted with feature names
  warnings.warn(
INFO:     127.0.0.1:61041 - "POST /api/v1/telemetry HTTP/1.1" 200 OK
C:\Users\Sasmitha Kavindu\AppData\Roaming\Python\Python314\site-packages\sklearn\utils\validation.py:2691: UserWarning: X does not have valid feature names, but LGBMRegressor was fitted with feature names
  warnings.warn(
C:\Users\Sasmitha Kavindu\AppData\Roaming\Python\Python314\site-packages\sklearn\utils\validation.py:2691: UserWarning: X does not have valid feature names, but LGBMRegressor was fitted with feature names
  warnings.warn(
C:\Users\Sasmitha Kavindu\AppData\Roaming\Python\Python314\site-packages\sklearn\utils\validation.py:2691: UserWarning: X does not have valid feature names, but LGBMRegressor was fitted with feature names
  warnings.warn(
C:\Users\Sasmitha Kavindu\AppData\Roaming\Python\Python314\site-packages\sklearn\utils\validation.py:2691: UserWarning: X does not have valid feature names, but LGBMRegressor was fitted with feature names
  warnings.warn(
C:\Users\Sasmitha Kavindu\AppData\Roaming\Python\Python314\site-packages\sklearn\utils\validation.py:2691: UserWarning: X does not have valid feature names, but LGBMRegressor was fitted with feature names
  warnings.warn(
C:\Users\Sasmitha Kavindu\AppData\Roaming\Python\Python314\site-packages\sklearn\utils\validation.py:2691: UserWarning: X does not have valid feature names, but LGBMRegressor was fitted with feature names
  warnings.warn(
INFO:     127.0.0.1:61041 - "POST /api/v1/telemetry HTTP/1.1" 200 OK
